[2023-05-23 09:32:49] production.ERROR: SQLSTATE[HY000] [1045] Access denied for user 'forge'@'localhost' (using password: NO) (SQL: select * from `static_options` where `option_name` = work_page_slug limit 1) {"exception":"[object] (Illuminate\\Database\\QueryException(code: 1045): SQLSTATE[HY000] [1045] Access denied for user 'forge'@'localhost' (using password: NO) (SQL: select * from `static_options` where `option_name` = work_page_slug limit 1) at C:\\laragon\\www\\c\\@core\\vendor\\laravel\\framework\\src\\Illuminate\\Database\\Connection.php:712)
[stacktrace]
#0 C:\\laragon\\www\\c\\@core\\vendor\\laravel\\framework\\src\\Illuminate\\Database\\Connection.php(672): Illuminate\\Database\\Connection->runQueryCallback('select * from `...', Array, Object(Closure))
#1 C:\\laragon\\www\\c\\@core\\vendor\\laravel\\framework\\src\\Illuminate\\Database\\Connection.php(376): Illuminate\\Database\\Connection->run('select * from `...', Array, Object(Closure))
#2 C:\\laragon\\www\\c\\@core\\vendor\\laravel\\framework\\src\\Illuminate\\Database\\Query\\Builder.php(2414): Illuminate\\Database\\Connection->select('select * from `...', Array, true)
#3 C:\\laragon\\www\\c\\@core\\vendor\\laravel\\framework\\src\\Illuminate\\Database\\Query\\Builder.php(2402): Illuminate\\Database\\Query\\Builder->runSelect()
#4 C:\\laragon\\www\\c\\@core\\vendor\\laravel\\framework\\src\\Illuminate\\Database\\Query\\Builder.php(2936): Illuminate\\Database\\Query\\Builder->Illuminate\\Database\\Query\\{closure}()
#5 C:\\laragon\\www\\c\\@core\\vendor\\laravel\\framework\\src\\Illuminate\\Database\\Query\\Builder.php(2403): Illuminate\\Database\\Query\\Builder->onceWithColumns(Array, Object(Closure))
#6 C:\\laragon\\www\\c\\@core\\vendor\\laravel\\framework\\src\\Illuminate\\Database\\Eloquent\\Builder.php(625): Illuminate\\Database\\Query\\Builder->get(Array)
#7 C:\\laragon\\www\\c\\@core\\vendor\\laravel\\framework\\src\\Illuminate\\Database\\Eloquent\\Builder.php(609): Illuminate\\Database\\Eloquent\\Builder->getModels(Array)
#8 C:\\laragon\\www\\c\\@core\\vendor\\laravel\\framework\\src\\Illuminate\\Database\\Concerns\\BuildsQueries.php(294): Illuminate\\Database\\Eloquent\\Builder->get(Array)
#9 C:\\laragon\\www\\c\\@core\\app\\Helpers\\helpers.php(91): Illuminate\\Database\\Eloquent\\Builder->first()
#10 C:\\laragon\\www\\c\\@core\outes\\web.php(21): get_static_option('work_page_slug')
#11 C:\\laragon\\www\\c\\@core\\vendor\\laravel\\framework\\src\\Illuminate\\Routing\\Router.php(423): Illuminate\\Routing\\RouteFileRegistrar->{closure}(Object(Illuminate\\Routing\\Router))
#12 C:\\laragon\\www\\c\\@core\\vendor\\laravel\\framework\\src\\Illuminate\\Routing\\Router.php(382): Illuminate\\Routing\\Router->loadRoutes(Object(Closure))
#13 C:\\laragon\\www\\c\\@core\\vendor\\laravel\\framework\\src\\Illuminate\\Support\\Facades\\Facade.php(261): Illuminate\\Routing\\Router->group(Array, Object(Closure))
#14 C:\\laragon\\www\\c\\@core\outes\\web.php(116): Illuminate\\Support\\Facades\\Facade::__callStatic('group', Array)
#15 C:\\laragon\\www\\c\\@core\\vendor\\laravel\\framework\\src\\Illuminate\\Routing\\RouteFileRegistrar.php(35): require('C:\\\\laragon\\\\www\\\\...')
#16 C:\\laragon\\www\\c\\@core\\vendor\\laravel\\framework\\src\\Illuminate\\Routing\\Router.php(425): Illuminate\\Routing\\RouteFileRegistrar->register('C:\\\\laragon\\\\www\\\\...')
#17 C:\\laragon\\www\\c\\@core\\vendor\\laravel\\framework\\src\\Illuminate\\Routing\\Router.php(382): Illuminate\\Routing\\Router->loadRoutes('C:\\\\laragon\\\\www\\\\...')
#18 C:\\laragon\\www\\c\\@core\\vendor\\laravel\\framework\\src\\Illuminate\\Routing\\RouteRegistrar.php(163): Illuminate\\Routing\\Router->group(Array, 'C:\\\\laragon\\\\www\\\\...')
#19 C:\\laragon\\www\\c\\@core\\app\\Providers\\RouteServiceProvider.php(56): Illuminate\\Routing\\RouteRegistrar->group('C:\\\\laragon\\\\www\\\\...')
#20 C:\\laragon\\www\\c\\@core\\app\\Providers\\RouteServiceProvider.php(40): App\\Providers\\RouteServiceProvider->mapWebRoutes()
#21 C:\\laragon\\www\\c\\@core\\vendor\\laravel\\framework\\src\\Illuminate\\Container\\BoundMethod.php(36): App\\Providers\\RouteServiceProvider->map()
#22 C:\\laragon\\www\\c\\@core\\vendor\\laravel\\framework\\src\\Illuminate\\Container\\Util.php(40): Illuminate\\Container\\BoundMethod::Illuminate\\Container\\{closure}()
#23 C:\\laragon\\www\\c\\@core\\vendor\\laravel\\framework\\src\\Illuminate\\Container\\BoundMethod.php(93): Illuminate\\Container\\Util::unwrapIfClosure(Object(Closure))
#24 C:\\laragon\\www\\c\\@core\\vendor\\laravel\\framework\\src\\Illuminate\\Container\\BoundMethod.php(37): Illuminate\\Container\\BoundMethod::callBoundMethod(Object(Illuminate\\Foundation\\Application), Array, Object(Closure))
#25 C:\\laragon\\www\\c\\@core\\vendor\\laravel\\framework\\src\\Illuminate\\Container\\Container.php(653): Illuminate\\Container\\BoundMethod::call(Object(Illuminate\\Foundation\\Application), Array, Array, NULL)
#26 C:\\laragon\\www\\c\\@core\\vendor\\laravel\\framework\\src\\Illuminate\\Foundation\\Support\\Providers\\RouteServiceProvider.php(122): Illuminate\\Container\\Container->call(Array)
#27 C:\\laragon\\www\\c\\@core\\vendor\\laravel\\framework\\src\\Illuminate\\Foundation\\Support\\Providers\\RouteServiceProvider.php(45): Illuminate\\Foundation\\Support\\Providers\\RouteServiceProvider->loadRoutes()
#28 C:\\laragon\\www\\c\\@core\\vendor\\laravel\\framework\\src\\Illuminate\\Container\\BoundMethod.php(36): Illuminate\\Foundation\\Support\\Providers\\RouteServiceProvider->Illuminate\\Foundation\\Support\\Providers\\{closure}()
#29 C:\\laragon\\www\\c\\@core\\vendor\\laravel\\framework\\src\\Illuminate\\Container\\Util.php(40): Illuminate\\Container\\BoundMethod::Illuminate\\Container\\{closure}()
#30 C:\\laragon\\www\\c\\@core\\vendor\\laravel\\framework\\src\\Illuminate\\Container\\BoundMethod.php(81): Illuminate\\Container\\Util::unwrapIfClosure(Object(Closure))
#31 C:\\laragon\\www\\c\\@core\\vendor\\laravel\\framework\\src\\Illuminate\\Container\\BoundMethod.php(37): Illuminate\\Container\\BoundMethod::callBoundMethod(Object(Illuminate\\Foundation\\Application), Object(Closure), Object(Closure))
#32 C:\\laragon\\www\\c\\@core\\vendor\\laravel\\framework\\src\\Illuminate\\Container\\Container.php(653): Illuminate\\Container\\BoundMethod::call(Object(Illuminate\\Foundation\\Application), Object(Closure), Array, NULL)
#33 C:\\laragon\\www\\c\\@core\\vendor\\laravel\\framework\\src\\Illuminate\\Support\\ServiceProvider.php(119): Illuminate\\Container\\Container->call(Object(Closure))
#34 C:\\laragon\\www\\c\\@core\\vendor\\laravel\\framework\\src\\Illuminate\\Foundation\\Application.php(927): Illuminate\\Support\\ServiceProvider->callBootedCallbacks()
#35 C:\\laragon\\www\\c\\@core\\vendor\\laravel\\framework\\src\\Illuminate\\Foundation\\Application.php(905): Illuminate\\Foundation\\Application->bootProvider(Object(App\\Providers\\RouteServiceProvider))
#36 [internal function]: Illuminate\\Foundation\\Application->Illuminate\\Foundation\\{closure}(Object(App\\Providers\\RouteServiceProvider), 36)
#37 C:\\laragon\\www\\c\\@core\\vendor\\laravel\\framework\\src\\Illuminate\\Foundation\\Application.php(906): array_walk(Array, Object(Closure))
#38 C:\\laragon\\www\\c\\@core\\vendor\\laravel\\framework\\src\\Illuminate\\Foundation\\Bootstrap\\BootProviders.php(17): Illuminate\\Foundation\\Application->boot()
#39 C:\\laragon\\www\\c\\@core\\vendor\\laravel\\framework\\src\\Illuminate\\Foundation\\Application.php(237): Illuminate\\Foundation\\Bootstrap\\BootProviders->bootstrap(Object(Illuminate\\Foundation\\Application))
#40 C:\\laragon\\www\\c\\@core\\vendor\\laravel\\framework\\src\\Illuminate\\Foundation\\Http\\Kernel.php(153): Illuminate\\Foundation\\Application->bootstrapWith(Array)
#41 C:\\laragon\\www\\c\\@core\\vendor\\laravel\\framework\\src\\Illuminate\\Foundation\\Http\\Kernel.php(137): Illuminate\\Foundation\\Http\\Kernel->bootstrap()
#42 C:\\laragon\\www\\c\\@core\\vendor\\laravel\\framework\\src\\Illuminate\\Foundation\\Http\\Kernel.php(111): Illuminate\\Foundation\\Http\\Kernel->sendRequestThroughRouter(Object(Illuminate\\Http\\Request))
#43 C:\\laragon\\www\\c\\index.php(55): Illuminate\\Foundation\\Http\\Kernel->handle(Object(Illuminate\\Http\\Request))
#44 {main}

[previous exception] [object] (PDOException(code: 1045): SQLSTATE[HY000] [1045] Access denied for user 'forge'@'localhost' (using password: NO) at C:\\laragon\\www\\c\\@core\\vendor\\laravel\\framework\\src\\Illuminate\\Database\\Connectors\\Connector.php:70)
[stacktrace]
#0 C:\\laragon\\www\\c\\@core\\vendor\\laravel\\framework\\src\\Illuminate\\Database\\Connectors\\Connector.php(70): PDO->__construct('mysql:host=127....', 'forge', '', Array)
#1 C:\\laragon\\www\\c\\@core\\vendor\\laravel\\framework\\src\\Illuminate\\Database\\Connectors\\Connector.php(46): Illuminate\\Database\\Connectors\\Connector->createPdoConnection('mysql:host=127....', 'forge', '', Array)
#2 C:\\laragon\\www\\c\\@core\\vendor\\laravel\\framework\\src\\Illuminate\\Database\\Connectors\\MySqlConnector.php(24): Illuminate\\Database\\Connectors\\Connector->createConnection('mysql:host=127....', Array, Array)
#3 C:\\laragon\\www\\c\\@core\\vendor\\laravel\\framework\\src\\Illuminate\\Database\\Connectors\\ConnectionFactory.php(184): Illuminate\\Database\\Connectors\\MySqlConnector->connect(Array)
#4 [internal function]: Illuminate\\Database\\Connectors\\ConnectionFactory->Illuminate\\Database\\Connectors\\{closure}()
#5 C:\\laragon\\www\\c\\@core\\vendor\\laravel\\framework\\src\\Illuminate\\Database\\Connection.php(1062): call_user_func(Object(Closure))
#6 C:\\laragon\\www\\c\\@core\\vendor\\laravel\\framework\\src\\Illuminate\\Database\\Connection.php(1098): Illuminate\\Database\\Connection->getPdo()
#7 C:\\laragon\\www\\c\\@core\\vendor\\laravel\\framework\\src\\Illuminate\\Database\\Connection.php(442): Illuminate\\Database\\Connection->getReadPdo()
#8 C:\\laragon\\www\\c\\@core\\vendor\\laravel\\framework\\src\\Illuminate\\Database\\Connection.php(368): Illuminate\\Database\\Connection->getPdoForSelect(true)
#9 C:\\laragon\\www\\c\\@core\\vendor\\laravel\\framework\\src\\Illuminate\\Database\\Connection.php(705): Illuminate\\Database\\Connection->Illuminate\\Database\\{closure}('select * from `...', Array)
#10 C:\\laragon\\www\\c\\@core\\vendor\\laravel\\framework\\src\\Illuminate\\Database\\Connection.php(672): Illuminate\\Database\\Connection->runQueryCallback('select * from `...', Array, Object(Closure))
#11 C:\\laragon\\www\\c\\@core\\vendor\\laravel\\framework\\src\\Illuminate\\Database\\Connection.php(376): Illuminate\\Database\\Connection->run('select * from `...', Array, Object(Closure))
#12 C:\\laragon\\www\\c\\@core\\vendor\\laravel\\framework\\src\\Illuminate\\Database\\Query\\Builder.php(2414): Illuminate\\Database\\Connection->select('select * from `...', Array, true)
#13 C:\\laragon\\www\\c\\@core\\vendor\\laravel\\framework\\src\\Illuminate\\Database\\Query\\Builder.php(2402): Illuminate\\Database\\Query\\Builder->runSelect()
#14 C:\\laragon\\www\\c\\@core\\vendor\\laravel\\framework\\src\\Illuminate\\Database\\Query\\Builder.php(2936): Illuminate\\Database\\Query\\Builder->Illuminate\\Database\\Query\\{closure}()
#15 C:\\laragon\\www\\c\\@core\\vendor\\laravel\\framework\\src\\Illuminate\\Database\\Query\\Builder.php(2403): Illuminate\\Database\\Query\\Builder->onceWithColumns(Array, Object(Closure))
#16 C:\\laragon\\www\\c\\@core\\vendor\\laravel\\framework\\src\\Illuminate\\Database\\Eloquent\\Builder.php(625): Illuminate\\Database\\Query\\Builder->get(Array)
#17 C:\\laragon\\www\\c\\@core\\vendor\\laravel\\framework\\src\\Illuminate\\Database\\Eloquent\\Builder.php(609): Illuminate\\Database\\Eloquent\\Builder->getModels(Array)
#18 C:\\laragon\\www\\c\\@core\\vendor\\laravel\\framework\\src\\Illuminate\\Database\\Concerns\\BuildsQueries.php(294): Illuminate\\Database\\Eloquent\\Builder->get(Array)
#19 C:\\laragon\\www\\c\\@core\\app\\Helpers\\helpers.php(91): Illuminate\\Database\\Eloquent\\Builder->first()
#20 C:\\laragon\\www\\c\\@core\outes\\web.php(21): get_static_option('work_page_slug')
#21 C:\\laragon\\www\\c\\@core\\vendor\\laravel\\framework\\src\\Illuminate\\Routing\\Router.php(423): Illuminate\\Routing\\RouteFileRegistrar->{closure}(Object(Illuminate\\Routing\\Router))
#22 C:\\laragon\\www\\c\\@core\\vendor\\laravel\\framework\\src\\Illuminate\\Routing\\Router.php(382): Illuminate\\Routing\\Router->loadRoutes(Object(Closure))
#23 C:\\laragon\\www\\c\\@core\\vendor\\laravel\\framework\\src\\Illuminate\\Support\\Facades\\Facade.php(261): Illuminate\\Routing\\Router->group(Array, Object(Closure))
#24 C:\\laragon\\www\\c\\@core\outes\\web.php(116): Illuminate\\Support\\Facades\\Facade::__callStatic('group', Array)
#25 C:\\laragon\\www\\c\\@core\\vendor\\laravel\\framework\\src\\Illuminate\\Routing\\RouteFileRegistrar.php(35): require('C:\\\\laragon\\\\www\\\\...')
#26 C:\\laragon\\www\\c\\@core\\vendor\\laravel\\framework\\src\\Illuminate\\Routing\\Router.php(425): Illuminate\\Routing\\RouteFileRegistrar->register('C:\\\\laragon\\\\www\\\\...')
#27 C:\\laragon\\www\\c\\@core\\vendor\\laravel\\framework\\src\\Illuminate\\Routing\\Router.php(382): Illuminate\\Routing\\Router->loadRoutes('C:\\\\laragon\\\\www\\\\...')
#28 C:\\laragon\\www\\c\\@core\\vendor\\laravel\\framework\\src\\Illuminate\\Routing\\RouteRegistrar.php(163): Illuminate\\Routing\\Router->group(Array, 'C:\\\\laragon\\\\www\\\\...')
#29 C:\\laragon\\www\\c\\@core\\app\\Providers\\RouteServiceProvider.php(56): Illuminate\\Routing\\RouteRegistrar->group('C:\\\\laragon\\\\www\\\\...')
#30 C:\\laragon\\www\\c\\@core\\app\\Providers\\RouteServiceProvider.php(40): App\\Providers\\RouteServiceProvider->mapWebRoutes()
#31 C:\\laragon\\www\\c\\@core\\vendor\\laravel\\framework\\src\\Illuminate\\Container\\BoundMethod.php(36): App\\Providers\\RouteServiceProvider->map()
#32 C:\\laragon\\www\\c\\@core\\vendor\\laravel\\framework\\src\\Illuminate\\Container\\Util.php(40): Illuminate\\Container\\BoundMethod::Illuminate\\Container\\{closure}()
#33 C:\\laragon\\www\\c\\@core\\vendor\\laravel\\framework\\src\\Illuminate\\Container\\BoundMethod.php(93): Illuminate\\Container\\Util::unwrapIfClosure(Object(Closure))
#34 C:\\laragon\\www\\c\\@core\\vendor\\laravel\\framework\\src\\Illuminate\\Container\\BoundMethod.php(37): Illuminate\\Container\\BoundMethod::callBoundMethod(Object(Illuminate\\Foundation\\Application), Array, Object(Closure))
#35 C:\\laragon\\www\\c\\@core\\vendor\\laravel\\framework\\src\\Illuminate\\Container\\Container.php(653): Illuminate\\Container\\BoundMethod::call(Object(Illuminate\\Foundation\\Application), Array, Array, NULL)
#36 C:\\laragon\\www\\c\\@core\\vendor\\laravel\\framework\\src\\Illuminate\\Foundation\\Support\\Providers\\RouteServiceProvider.php(122): Illuminate\\Container\\Container->call(Array)
#37 C:\\laragon\\www\\c\\@core\\vendor\\laravel\\framework\\src\\Illuminate\\Foundation\\Support\\Providers\\RouteServiceProvider.php(45): Illuminate\\Foundation\\Support\\Providers\\RouteServiceProvider->loadRoutes()
#38 C:\\laragon\\www\\c\\@core\\vendor\\laravel\\framework\\src\\Illuminate\\Container\\BoundMethod.php(36): Illuminate\\Foundation\\Support\\Providers\\RouteServiceProvider->Illuminate\\Foundation\\Support\\Providers\\{closure}()
#39 C:\\laragon\\www\\c\\@core\\vendor\\laravel\\framework\\src\\Illuminate\\Container\\Util.php(40): Illuminate\\Container\\BoundMethod::Illuminate\\Container\\{closure}()
#40 C:\\laragon\\www\\c\\@core\\vendor\\laravel\\framework\\src\\Illuminate\\Container\\BoundMethod.php(81): Illuminate\\Container\\Util::unwrapIfClosure(Object(Closure))
#41 C:\\laragon\\www\\c\\@core\\vendor\\laravel\\framework\\src\\Illuminate\\Container\\BoundMethod.php(37): Illuminate\\Container\\BoundMethod::callBoundMethod(Object(Illuminate\\Foundation\\Application), Object(Closure), Object(Closure))
#42 C:\\laragon\\www\\c\\@core\\vendor\\laravel\\framework\\src\\Illuminate\\Container\\Container.php(653): Illuminate\\Container\\BoundMethod::call(Object(Illuminate\\Foundation\\Application), Object(Closure), Array, NULL)
#43 C:\\laragon\\www\\c\\@core\\vendor\\laravel\\framework\\src\\Illuminate\\Support\\ServiceProvider.php(119): Illuminate\\Container\\Container->call(Object(Closure))
#44 C:\\laragon\\www\\c\\@core\\vendor\\laravel\\framework\\src\\Illuminate\\Foundation\\Application.php(927): Illuminate\\Support\\ServiceProvider->callBootedCallbacks()
#45 C:\\laragon\\www\\c\\@core\\vendor\\laravel\\framework\\src\\Illuminate\\Foundation\\Application.php(905): Illuminate\\Foundation\\Application->bootProvider(Object(App\\Providers\\RouteServiceProvider))
#46 [internal function]: Illuminate\\Foundation\\Application->Illuminate\\Foundation\\{closure}(Object(App\\Providers\\RouteServiceProvider), 36)
#47 C:\\laragon\\www\\c\\@core\\vendor\\laravel\\framework\\src\\Illuminate\\Foundation\\Application.php(906): array_walk(Array, Object(Closure))
#48 C:\\laragon\\www\\c\\@core\\vendor\\laravel\\framework\\src\\Illuminate\\Foundation\\Bootstrap\\BootProviders.php(17): Illuminate\\Foundation\\Application->boot()
#49 C:\\laragon\\www\\c\\@core\\vendor\\laravel\\framework\\src\\Illuminate\\Foundation\\Application.php(237): Illuminate\\Foundation\\Bootstrap\\BootProviders->bootstrap(Object(Illuminate\\Foundation\\Application))
#50 C:\\laragon\\www\\c\\@core\\vendor\\laravel\\framework\\src\\Illuminate\\Foundation\\Http\\Kernel.php(153): Illuminate\\Foundation\\Application->bootstrapWith(Array)
#51 C:\\laragon\\www\\c\\@core\\vendor\\laravel\\framework\\src\\Illuminate\\Foundation\\Http\\Kernel.php(137): Illuminate\\Foundation\\Http\\Kernel->bootstrap()
#52 C:\\laragon\\www\\c\\@core\\vendor\\laravel\\framework\\src\\Illuminate\\Foundation\\Http\\Kernel.php(111): Illuminate\\Foundation\\Http\\Kernel->sendRequestThroughRouter(Object(Illuminate\\Http\\Request))
#53 C:\\laragon\\www\\c\\index.php(55): Illuminate\\Foundation\\Http\\Kernel->handle(Object(Illuminate\\Http\\Request))
#54 {main}
"} 
[2023-05-23 09:32:50] production.ERROR: SQLSTATE[HY000] [1045] Access denied for user 'forge'@'localhost' (using password: NO) (SQL: select * from `languages` where `default` = 1 limit 1) (View: C:\laragon\www\c\@core\resources\views\errors\500.blade.php) {"view":{"view":"C:\\laragon\\www\\c\\@core\\vendor\\laravel\\framework\\src\\Illuminate\\Database\\Connection.php","data":[]},"exception":"[object] (Facade\\Ignition\\Exceptions\\ViewException(code: 0): SQLSTATE[HY000] [1045] Access denied for user 'forge'@'localhost' (using password: NO) (SQL: select * from `languages` where `default` = 1 limit 1) (View: C:\\laragon\\www\\c\\@core\esources\\views\\errors\\500.blade.php) at C:\\laragon\\www\\c\\@core\\vendor\\laravel\\framework\\src\\Illuminate\\Database\\Connection.php:712)
[stacktrace]
#0 C:\\laragon\\www\\c\\@core\\vendor\\laravel\\framework\\src\\Illuminate\\Database\\Connection.php(672): Illuminate\\Database\\Connection->runQueryCallback('select * from `...', Array, Object(Closure))
#1 C:\\laragon\\www\\c\\@core\\vendor\\laravel\\framework\\src\\Illuminate\\Database\\Connection.php(376): Illuminate\\Database\\Connection->run('select * from `...', Array, Object(Closure))
#2 C:\\laragon\\www\\c\\@core\\vendor\\laravel\\framework\\src\\Illuminate\\Database\\Query\\Builder.php(2414): Illuminate\\Database\\Connection->select('select * from `...', Array, true)
#3 C:\\laragon\\www\\c\\@core\\vendor\\laravel\\framework\\src\\Illuminate\\Database\\Query\\Builder.php(2402): Illuminate\\Database\\Query\\Builder->runSelect()
#4 C:\\laragon\\www\\c\\@core\\vendor\\laravel\\framework\\src\\Illuminate\\Database\\Query\\Builder.php(2936): Illuminate\\Database\\Query\\Builder->Illuminate\\Database\\Query\\{closure}()
#5 C:\\laragon\\www\\c\\@core\\vendor\\laravel\\framework\\src\\Illuminate\\Database\\Query\\Builder.php(2403): Illuminate\\Database\\Query\\Builder->onceWithColumns(Array, Object(Closure))
#6 C:\\laragon\\www\\c\\@core\\vendor\\laravel\\framework\\src\\Illuminate\\Database\\Eloquent\\Builder.php(625): Illuminate\\Database\\Query\\Builder->get(Array)
#7 C:\\laragon\\www\\c\\@core\\vendor\\laravel\\framework\\src\\Illuminate\\Database\\Eloquent\\Builder.php(609): Illuminate\\Database\\Eloquent\\Builder->getModels(Array)
#8 C:\\laragon\\www\\c\\@core\\vendor\\laravel\\framework\\src\\Illuminate\\Database\\Concerns\\BuildsQueries.php(294): Illuminate\\Database\\Eloquent\\Builder->get(Array)
#9 C:\\laragon\\www\\c\\@core\\app\\Helpers\\helpers.php(342): Illuminate\\Database\\Eloquent\\Builder->first()
#10 C:\\laragon\\www\\c\\@core\esources\\views/errors/500.blade.php(9): get_user_lang()
#11 C:\\laragon\\www\\c\\@core\\vendor\\laravel\\framework\\src\\Illuminate\\Filesystem\\Filesystem.php(107): require('C:\\\\laragon\\\\www\\\\...')
#12 C:\\laragon\\www\\c\\@core\\vendor\\laravel\\framework\\src\\Illuminate\\Filesystem\\Filesystem.php(108): Illuminate\\Filesystem\\Filesystem::Illuminate\\Filesystem\\{closure}()
#13 C:\\laragon\\www\\c\\@core\\vendor\\laravel\\framework\\src\\Illuminate\\View\\Engines\\PhpEngine.php(58): Illuminate\\Filesystem\\Filesystem->getRequire('C:\\\\laragon\\\\www\\\\...', Array)
#14 C:\\laragon\\www\\c\\@core\\vendor\\laravel\\framework\\src\\Illuminate\\View\\Engines\\CompilerEngine.php(61): Illuminate\\View\\Engines\\PhpEngine->evaluatePath('C:\\\\laragon\\\\www\\\\...', Array)
#15 C:\\laragon\\www\\c\\@core\\vendor\\facade\\ignition\\src\\Views\\Engines\\CompilerEngine.php(37): Illuminate\\View\\Engines\\CompilerEngine->get('C:\\\\laragon\\\\www\\\\...', Array)
#16 C:\\laragon\\www\\c\\@core\\vendor\\laravel\\framework\\src\\Illuminate\\View\\View.php(139): Facade\\Ignition\\Views\\Engines\\CompilerEngine->get('C:\\\\laragon\\\\www\\\\...', Array)
#17 C:\\laragon\\www\\c\\@core\\vendor\\laravel\\framework\\src\\Illuminate\\View\\View.php(122): Illuminate\\View\\View->getContents()
#18 C:\\laragon\\www\\c\\@core\\vendor\\laravel\\framework\\src\\Illuminate\\View\\View.php(91): Illuminate\\View\\View->renderContents()
#19 C:\\laragon\\www\\c\\@core\\vendor\\laravel\\framework\\src\\Illuminate\\Http\\Response.php(69): Illuminate\\View\\View->render()
#20 C:\\laragon\\www\\c\\@core\\vendor\\laravel\\framework\\src\\Illuminate\\Http\\Response.php(35): Illuminate\\Http\\Response->setContent(Object(Illuminate\\View\\View))
#21 C:\\laragon\\www\\c\\@core\\vendor\\laravel\\framework\\src\\Illuminate\\Routing\\ResponseFactory.php(55): Illuminate\\Http\\Response->__construct(Object(Illuminate\\View\\View), 500, Array)
#22 C:\\laragon\\www\\c\\@core\\vendor\\laravel\\framework\\src\\Illuminate\\Routing\\ResponseFactory.php(85): Illuminate\\Routing\\ResponseFactory->make(Object(Illuminate\\View\\View), 500, Array)
#23 C:\\laragon\\www\\c\\@core\\vendor\\laravel\\framework\\src\\Illuminate\\Foundation\\Exceptions\\Handler.php(585): Illuminate\\Routing\\ResponseFactory->view('errors::500', Array, 500, Array)
#24 C:\\laragon\\www\\c\\@core\\vendor\\laravel\\framework\\src\\Illuminate\\Foundation\\Exceptions\\Handler.php(490): Illuminate\\Foundation\\Exceptions\\Handler->renderHttpException(Object(Symfony\\Component\\HttpKernel\\Exception\\HttpException))
#25 C:\\laragon\\www\\c\\@core\\vendor\\laravel\\framework\\src\\Illuminate\\Foundation\\Exceptions\\Handler.php(356): Illuminate\\Foundation\\Exceptions\\Handler->prepareResponse(Object(Illuminate\\Http\\Request), Object(Symfony\\Component\\HttpKernel\\Exception\\HttpException))
#26 C:\\laragon\\www\\c\\@core\\app\\Exceptions\\Handler.php(46): Illuminate\\Foundation\\Exceptions\\Handler->render(Object(Illuminate\\Http\\Request), Object(Illuminate\\Database\\QueryException))
#27 C:\\laragon\\www\\c\\@core\\vendor\\laravel\\framework\\src\\Illuminate\\Foundation\\Http\\Kernel.php(427): App\\Exceptions\\Handler->render(Object(Illuminate\\Http\\Request), Object(Illuminate\\Database\\QueryException))
#28 C:\\laragon\\www\\c\\@core\\vendor\\laravel\\framework\\src\\Illuminate\\Foundation\\Http\\Kernel.php(115): Illuminate\\Foundation\\Http\\Kernel->renderException(Object(Illuminate\\Http\\Request), Object(Illuminate\\Database\\QueryException))
#29 C:\\laragon\\www\\c\\index.php(55): Illuminate\\Foundation\\Http\\Kernel->handle(Object(Illuminate\\Http\\Request))
#30 {main}

[previous exception] [object] (Illuminate\\Database\\QueryException(code: 1045): SQLSTATE[HY000] [1045] Access denied for user 'forge'@'localhost' (using password: NO) (SQL: select * from `languages` where `default` = 1 limit 1) at C:\\laragon\\www\\c\\@core\\vendor\\laravel\\framework\\src\\Illuminate\\Database\\Connection.php:712)
[stacktrace]
#0 C:\\laragon\\www\\c\\@core\\vendor\\laravel\\framework\\src\\Illuminate\\Database\\Connection.php(672): Illuminate\\Database\\Connection->runQueryCallback('select * from `...', Array, Object(Closure))
#1 C:\\laragon\\www\\c\\@core\\vendor\\laravel\\framework\\src\\Illuminate\\Database\\Connection.php(376): Illuminate\\Database\\Connection->run('select * from `...', Array, Object(Closure))
#2 C:\\laragon\\www\\c\\@core\\vendor\\laravel\\framework\\src\\Illuminate\\Database\\Query\\Builder.php(2414): Illuminate\\Database\\Connection->select('select * from `...', Array, true)
#3 C:\\laragon\\www\\c\\@core\\vendor\\laravel\\framework\\src\\Illuminate\\Database\\Query\\Builder.php(2402): Illuminate\\Database\\Query\\Builder->runSelect()
#4 C:\\laragon\\www\\c\\@core\\vendor\\laravel\\framework\\src\\Illuminate\\Database\\Query\\Builder.php(2936): Illuminate\\Database\\Query\\Builder->Illuminate\\Database\\Query\\{closure}()
#5 C:\\laragon\\www\\c\\@core\\vendor\\laravel\\framework\\src\\Illuminate\\Database\\Query\\Builder.php(2403): Illuminate\\Database\\Query\\Builder->onceWithColumns(Array, Object(Closure))
#6 C:\\laragon\\www\\c\\@core\\vendor\\laravel\\framework\\src\\Illuminate\\Database\\Eloquent\\Builder.php(625): Illuminate\\Database\\Query\\Builder->get(Array)
#7 C:\\laragon\\www\\c\\@core\\vendor\\laravel\\framework\\src\\Illuminate\\Database\\Eloquent\\Builder.php(609): Illuminate\\Database\\Eloquent\\Builder->getModels(Array)
#8 C:\\laragon\\www\\c\\@core\\vendor\\laravel\\framework\\src\\Illuminate\\Database\\Concerns\\BuildsQueries.php(294): Illuminate\\Database\\Eloquent\\Builder->get(Array)
#9 C:\\laragon\\www\\c\\@core\\app\\Helpers\\helpers.php(342): Illuminate\\Database\\Eloquent\\Builder->first()
#10 C:\\laragon\\www\\c\\@core\\storage\\framework\\views\\a3f0a4a1b92bb5b8074c99db1c24a294a14894aa.php(8): get_user_lang()
#11 C:\\laragon\\www\\c\\@core\\vendor\\laravel\\framework\\src\\Illuminate\\Filesystem\\Filesystem.php(107): require('C:\\\\laragon\\\\www\\\\...')
#12 C:\\laragon\\www\\c\\@core\\vendor\\laravel\\framework\\src\\Illuminate\\Filesystem\\Filesystem.php(108): Illuminate\\Filesystem\\Filesystem::Illuminate\\Filesystem\\{closure}()
#13 C:\\laragon\\www\\c\\@core\\vendor\\laravel\\framework\\src\\Illuminate\\View\\Engines\\PhpEngine.php(58): Illuminate\\Filesystem\\Filesystem->getRequire('C:\\\\laragon\\\\www\\\\...', Array)
#14 C:\\laragon\\www\\c\\@core\\vendor\\laravel\\framework\\src\\Illuminate\\View\\Engines\\CompilerEngine.php(61): Illuminate\\View\\Engines\\PhpEngine->evaluatePath('C:\\\\laragon\\\\www\\\\...', Array)
#15 C:\\laragon\\www\\c\\@core\\vendor\\facade\\ignition\\src\\Views\\Engines\\CompilerEngine.php(37): Illuminate\\View\\Engines\\CompilerEngine->get('C:\\\\laragon\\\\www\\\\...', Array)
#16 C:\\laragon\\www\\c\\@core\\vendor\\laravel\\framework\\src\\Illuminate\\View\\View.php(139): Facade\\Ignition\\Views\\Engines\\CompilerEngine->get('C:\\\\laragon\\\\www\\\\...', Array)
#17 C:\\laragon\\www\\c\\@core\\vendor\\laravel\\framework\\src\\Illuminate\\View\\View.php(122): Illuminate\\View\\View->getContents()
#18 C:\\laragon\\www\\c\\@core\\vendor\\laravel\\framework\\src\\Illuminate\\View\\View.php(91): Illuminate\\View\\View->renderContents()
#19 C:\\laragon\\www\\c\\@core\\vendor\\laravel\\framework\\src\\Illuminate\\Http\\Response.php(69): Illuminate\\View\\View->render()
#20 C:\\laragon\\www\\c\\@core\\vendor\\laravel\\framework\\src\\Illuminate\\Http\\Response.php(35): Illuminate\\Http\\Response->setContent(Object(Illuminate\\View\\View))
#21 C:\\laragon\\www\\c\\@core\\vendor\\laravel\\framework\\src\\Illuminate\\Routing\\ResponseFactory.php(55): Illuminate\\Http\\Response->__construct(Object(Illuminate\\View\\View), 500, Array)
#22 C:\\laragon\\www\\c\\@core\\vendor\\laravel\\framework\\src\\Illuminate\\Routing\\ResponseFactory.php(85): Illuminate\\Routing\\ResponseFactory->make(Object(Illuminate\\View\\View), 500, Array)
#23 C:\\laragon\\www\\c\\@core\\vendor\\laravel\\framework\\src\\Illuminate\\Foundation\\Exceptions\\Handler.php(585): Illuminate\\Routing\\ResponseFactory->view('errors::500', Array, 500, Array)
#24 C:\\laragon\\www\\c\\@core\\vendor\\laravel\\framework\\src\\Illuminate\\Foundation\\Exceptions\\Handler.php(490): Illuminate\\Foundation\\Exceptions\\Handler->renderHttpException(Object(Symfony\\Component\\HttpKernel\\Exception\\HttpException))
#25 C:\\laragon\\www\\c\\@core\\vendor\\laravel\\framework\\src\\Illuminate\\Foundation\\Exceptions\\Handler.php(356): Illuminate\\Foundation\\Exceptions\\Handler->prepareResponse(Object(Illuminate\\Http\\Request), Object(Symfony\\Component\\HttpKernel\\Exception\\HttpException))
#26 C:\\laragon\\www\\c\\@core\\app\\Exceptions\\Handler.php(46): Illuminate\\Foundation\\Exceptions\\Handler->render(Object(Illuminate\\Http\\Request), Object(Illuminate\\Database\\QueryException))
#27 C:\\laragon\\www\\c\\@core\\vendor\\laravel\\framework\\src\\Illuminate\\Foundation\\Http\\Kernel.php(427): App\\Exceptions\\Handler->render(Object(Illuminate\\Http\\Request), Object(Illuminate\\Database\\QueryException))
#28 C:\\laragon\\www\\c\\@core\\vendor\\laravel\\framework\\src\\Illuminate\\Foundation\\Http\\Kernel.php(115): Illuminate\\Foundation\\Http\\Kernel->renderException(Object(Illuminate\\Http\\Request), Object(Illuminate\\Database\\QueryException))
#29 C:\\laragon\\www\\c\\index.php(55): Illuminate\\Foundation\\Http\\Kernel->handle(Object(Illuminate\\Http\\Request))
#30 {main}

[previous exception] [object] (PDOException(code: 1045): SQLSTATE[HY000] [1045] Access denied for user 'forge'@'localhost' (using password: NO) at C:\\laragon\\www\\c\\@core\\vendor\\laravel\\framework\\src\\Illuminate\\Database\\Connectors\\Connector.php:70)
[stacktrace]
#0 C:\\laragon\\www\\c\\@core\\vendor\\laravel\\framework\\src\\Illuminate\\Database\\Connectors\\Connector.php(70): PDO->__construct('mysql:host=127....', 'forge', '', Array)
#1 C:\\laragon\\www\\c\\@core\\vendor\\laravel\\framework\\src\\Illuminate\\Database\\Connectors\\Connector.php(46): Illuminate\\Database\\Connectors\\Connector->createPdoConnection('mysql:host=127....', 'forge', '', Array)
#2 C:\\laragon\\www\\c\\@core\\vendor\\laravel\\framework\\src\\Illuminate\\Database\\Connectors\\MySqlConnector.php(24): Illuminate\\Database\\Connectors\\Connector->createConnection('mysql:host=127....', Array, Array)
#3 C:\\laragon\\www\\c\\@core\\vendor\\laravel\\framework\\src\\Illuminate\\Database\\Connectors\\ConnectionFactory.php(184): Illuminate\\Database\\Connectors\\MySqlConnector->connect(Array)
#4 [internal function]: Illuminate\\Database\\Connectors\\ConnectionFactory->Illuminate\\Database\\Connectors\\{closure}()
#5 C:\\laragon\\www\\c\\@core\\vendor\\laravel\\framework\\src\\Illuminate\\Database\\Connection.php(1062): call_user_func(Object(Closure))
#6 C:\\laragon\\www\\c\\@core\\vendor\\laravel\\framework\\src\\Illuminate\\Database\\Connection.php(1098): Illuminate\\Database\\Connection->getPdo()
#7 C:\\laragon\\www\\c\\@core\\vendor\\laravel\\framework\\src\\Illuminate\\Database\\Connection.php(442): Illuminate\\Database\\Connection->getReadPdo()
#8 C:\\laragon\\www\\c\\@core\\vendor\\laravel\\framework\\src\\Illuminate\\Database\\Connection.php(368): Illuminate\\Database\\Connection->getPdoForSelect(true)
#9 C:\\laragon\\www\\c\\@core\\vendor\\laravel\\framework\\src\\Illuminate\\Database\\Connection.php(705): Illuminate\\Database\\Connection->Illuminate\\Database\\{closure}('select * from `...', Array)
#10 C:\\laragon\\www\\c\\@core\\vendor\\laravel\\framework\\src\\Illuminate\\Database\\Connection.php(672): Illuminate\\Database\\Connection->runQueryCallback('select * from `...', Array, Object(Closure))
#11 C:\\laragon\\www\\c\\@core\\vendor\\laravel\\framework\\src\\Illuminate\\Database\\Connection.php(376): Illuminate\\Database\\Connection->run('select * from `...', Array, Object(Closure))
#12 C:\\laragon\\www\\c\\@core\\vendor\\laravel\\framework\\src\\Illuminate\\Database\\Query\\Builder.php(2414): Illuminate\\Database\\Connection->select('select * from `...', Array, true)
#13 C:\\laragon\\www\\c\\@core\\vendor\\laravel\\framework\\src\\Illuminate\\Database\\Query\\Builder.php(2402): Illuminate\\Database\\Query\\Builder->runSelect()
#14 C:\\laragon\\www\\c\\@core\\vendor\\laravel\\framework\\src\\Illuminate\\Database\\Query\\Builder.php(2936): Illuminate\\Database\\Query\\Builder->Illuminate\\Database\\Query\\{closure}()
#15 C:\\laragon\\www\\c\\@core\\vendor\\laravel\\framework\\src\\Illuminate\\Database\\Query\\Builder.php(2403): Illuminate\\Database\\Query\\Builder->onceWithColumns(Array, Object(Closure))
#16 C:\\laragon\\www\\c\\@core\\vendor\\laravel\\framework\\src\\Illuminate\\Database\\Eloquent\\Builder.php(625): Illuminate\\Database\\Query\\Builder->get(Array)
#17 C:\\laragon\\www\\c\\@core\\vendor\\laravel\\framework\\src\\Illuminate\\Database\\Eloquent\\Builder.php(609): Illuminate\\Database\\Eloquent\\Builder->getModels(Array)
#18 C:\\laragon\\www\\c\\@core\\vendor\\laravel\\framework\\src\\Illuminate\\Database\\Concerns\\BuildsQueries.php(294): Illuminate\\Database\\Eloquent\\Builder->get(Array)
#19 C:\\laragon\\www\\c\\@core\\app\\Helpers\\helpers.php(342): Illuminate\\Database\\Eloquent\\Builder->first()
#20 C:\\laragon\\www\\c\\@core\\storage\\framework\\views\\a3f0a4a1b92bb5b8074c99db1c24a294a14894aa.php(8): get_user_lang()
#21 C:\\laragon\\www\\c\\@core\\vendor\\laravel\\framework\\src\\Illuminate\\Filesystem\\Filesystem.php(107): require('C:\\\\laragon\\\\www\\\\...')
#22 C:\\laragon\\www\\c\\@core\\vendor\\laravel\\framework\\src\\Illuminate\\Filesystem\\Filesystem.php(108): Illuminate\\Filesystem\\Filesystem::Illuminate\\Filesystem\\{closure}()
#23 C:\\laragon\\www\\c\\@core\\vendor\\laravel\\framework\\src\\Illuminate\\View\\Engines\\PhpEngine.php(58): Illuminate\\Filesystem\\Filesystem->getRequire('C:\\\\laragon\\\\www\\\\...', Array)
#24 C:\\laragon\\www\\c\\@core\\vendor\\laravel\\framework\\src\\Illuminate\\View\\Engines\\CompilerEngine.php(61): Illuminate\\View\\Engines\\PhpEngine->evaluatePath('C:\\\\laragon\\\\www\\\\...', Array)
#25 C:\\laragon\\www\\c\\@core\\vendor\\facade\\ignition\\src\\Views\\Engines\\CompilerEngine.php(37): Illuminate\\View\\Engines\\CompilerEngine->get('C:\\\\laragon\\\\www\\\\...', Array)
#26 C:\\laragon\\www\\c\\@core\\vendor\\laravel\\framework\\src\\Illuminate\\View\\View.php(139): Facade\\Ignition\\Views\\Engines\\CompilerEngine->get('C:\\\\laragon\\\\www\\\\...', Array)
#27 C:\\laragon\\www\\c\\@core\\vendor\\laravel\\framework\\src\\Illuminate\\View\\View.php(122): Illuminate\\View\\View->getContents()
#28 C:\\laragon\\www\\c\\@core\\vendor\\laravel\\framework\\src\\Illuminate\\View\\View.php(91): Illuminate\\View\\View->renderContents()
#29 C:\\laragon\\www\\c\\@core\\vendor\\laravel\\framework\\src\\Illuminate\\Http\\Response.php(69): Illuminate\\View\\View->render()
#30 C:\\laragon\\www\\c\\@core\\vendor\\laravel\\framework\\src\\Illuminate\\Http\\Response.php(35): Illuminate\\Http\\Response->setContent(Object(Illuminate\\View\\View))
#31 C:\\laragon\\www\\c\\@core\\vendor\\laravel\\framework\\src\\Illuminate\\Routing\\ResponseFactory.php(55): Illuminate\\Http\\Response->__construct(Object(Illuminate\\View\\View), 500, Array)
#32 C:\\laragon\\www\\c\\@core\\vendor\\laravel\\framework\\src\\Illuminate\\Routing\\ResponseFactory.php(85): Illuminate\\Routing\\ResponseFactory->make(Object(Illuminate\\View\\View), 500, Array)
#33 C:\\laragon\\www\\c\\@core\\vendor\\laravel\\framework\\src\\Illuminate\\Foundation\\Exceptions\\Handler.php(585): Illuminate\\Routing\\ResponseFactory->view('errors::500', Array, 500, Array)
#34 C:\\laragon\\www\\c\\@core\\vendor\\laravel\\framework\\src\\Illuminate\\Foundation\\Exceptions\\Handler.php(490): Illuminate\\Foundation\\Exceptions\\Handler->renderHttpException(Object(Symfony\\Component\\HttpKernel\\Exception\\HttpException))
#35 C:\\laragon\\www\\c\\@core\\vendor\\laravel\\framework\\src\\Illuminate\\Foundation\\Exceptions\\Handler.php(356): Illuminate\\Foundation\\Exceptions\\Handler->prepareResponse(Object(Illuminate\\Http\\Request), Object(Symfony\\Component\\HttpKernel\\Exception\\HttpException))
#36 C:\\laragon\\www\\c\\@core\\app\\Exceptions\\Handler.php(46): Illuminate\\Foundation\\Exceptions\\Handler->render(Object(Illuminate\\Http\\Request), Object(Illuminate\\Database\\QueryException))
#37 C:\\laragon\\www\\c\\@core\\vendor\\laravel\\framework\\src\\Illuminate\\Foundation\\Http\\Kernel.php(427): App\\Exceptions\\Handler->render(Object(Illuminate\\Http\\Request), Object(Illuminate\\Database\\QueryException))
#38 C:\\laragon\\www\\c\\@core\\vendor\\laravel\\framework\\src\\Illuminate\\Foundation\\Http\\Kernel.php(115): Illuminate\\Foundation\\Http\\Kernel->renderException(Object(Illuminate\\Http\\Request), Object(Illuminate\\Database\\QueryException))
#39 C:\\laragon\\www\\c\\index.php(55): Illuminate\\Foundation\\Http\\Kernel->handle(Object(Illuminate\\Http\\Request))
#40 {main}
"} 
[2023-05-23 09:32:50] production.ERROR: Uncaught PDOException: SQLSTATE[HY000] [1045] Access denied for user 'forge'@'localhost' (using password: NO) in C:\laragon\www\c\@core\vendor\laravel\framework\src\Illuminate\Database\Connectors\Connector.php:70
Stack trace:
#0 C:\laragon\www\c\@core\vendor\laravel\framework\src\Illuminate\Database\Connectors\Connector.php(70): PDO->__construct('mysql:host=127....', 'forge', '', Array)
#1 C:\laragon\www\c\@core\vendor\laravel\framework\src\Illuminate\Database\Connectors\Connector.php(46): Illuminate\Database\Connectors\Connector->createPdoConnection('mysql:host=127....', 'forge', '', Array)
#2 C:\laragon\www\c\@core\vendor\laravel\framework\src\Illuminate\Database\Connectors\MySqlConnector.php(24): Illuminate\Database\Connectors\Connector->createConnection('mysql:host=127....', Array, Array)
#3 C:\laragon\www\c\@core\vendor\laravel\framework\src\Illuminate\Database\Connectors\ConnectionFactory.php(184): Illuminate\Database\Connectors\MySqlConnector->connect(Array)
#4 [internal function]: Illuminate\Database\Connectors\ConnectionFactory->Illuminate\Database\Connectors\{closure}()
#5 C:\laragon\www\c\@core\vendor\laravel\framework\src\Illuminate\Database\Connection.php(1062): call_user_func(Object(Closure))
#6 C:\laragon\www\c\@core\vendor\laravel\framework\src\Illuminate\Database\Connection.php(1098): Illuminate\Database\Connection->getPdo()
#7 C:\laragon\www\c\@core\vendor\laravel\framework\src\Illuminate\Database\Connection.php(442): Illuminate\Database\Connection->getReadPdo()
#8 C:\laragon\www\c\@core\vendor\laravel\framework\src\Illuminate\Database\Connection.php(368): Illuminate\Database\Connection->getPdoForSelect(true)
#9 C:\laragon\www\c\@core\vendor\laravel\framework\src\Illuminate\Database\Connection.php(705): Illuminate\Database\Connection->Illuminate\Database\{closure}('select * from `...', Array)
#10 C:\laragon\www\c\@core\vendor\laravel\framework\src\Illuminate\Database\Connection.php(672): Illuminate\Database\Connection->runQueryCallback('select * from `...', Array, Object(Closure))
#11 C:\laragon\www\c\@core\vendor\laravel\framework\src\Illuminate\Database\Connection.php(376): Illuminate\Database\Connection->run('select * from `...', Array, Object(Closure))
#12 C:\laragon\www\c\@core\vendor\laravel\framework\src\Illuminate\Database\Query\Builder.php(2414): Illuminate\Database\Connection->select('select * from `...', Array, true)
#13 C:\laragon\www\c\@core\vendor\laravel\framework\src\Illuminate\Database\Query\Builder.php(2402): Illuminate\Database\Query\Builder->runSelect()
#14 C:\laragon\www\c\@core\vendor\laravel\framework\src\Illuminate\Database\Query\Builder.php(2936): Illuminate\Database\Query\Builder->Illuminate\Database\Query\{closure}()
#15 C:\laragon\www\c\@core\vendor\laravel\framework\src\Illuminate\Database\Query\Builder.php(2403): Illuminate\Database\Query\Builder->onceWithColumns(Array, Object(Closure))
#16 C:\laragon\www\c\@core\vendor\laravel\framework\src\Illuminate\Database\Eloquent\Builder.php(625): Illuminate\Database\Query\Builder->get(Array)
#17 C:\laragon\www\c\@core\vendor\laravel\framework\src\Illuminate\Database\Eloquent\Builder.php(609): Illuminate\Database\Eloquent\Builder->getModels(Array)
#18 C:\laragon\www\c\@core\vendor\laravel\framework\src\Illuminate\Database\Concerns\BuildsQueries.php(294): Illuminate\Database\Eloquent\Builder->get(Array)
#19 C:\laragon\www\c\@core\app\Helpers\helpers.php(342): Illuminate\Database\Eloquent\Builder->first()
#20 C:\laragon\www\c\@core\storage\framework\views\a3f0a4a1b92bb5b8074c99db1c24a294a14894aa.php(8): get_user_lang()
#21 C:\laragon\www\c\@core\vendor\laravel\framework\src\Illuminate\Filesystem\Filesystem.php(107): require('C:\\laragon\\www\\...')
#22 C:\laragon\www\c\@core\vendor\laravel\framework\src\Illuminate\Filesystem\Filesystem.php(108): Illuminate\Filesystem\Filesystem::Illuminate\Filesystem\{closure}()
#23 C:\laragon\www\c\@core\vendor\laravel\framework\src\Illuminate\View\Engines\PhpEngine.php(58): Illuminate\Filesystem\Filesystem->getRequire('C:\\laragon\\www\\...', Array)
#24 C:\laragon\www\c\@core\vendor\laravel\framework\src\Illuminate\View\Engines\CompilerEngine.php(61): Illuminate\View\Engines\PhpEngine->evaluatePath('C:\\laragon\\www\\...', Array)
#25 C:\laragon\www\c\@core\vendor\facade\ignition\src\Views\Engines\CompilerEngine.php(37): Illuminate\View\Engines\CompilerEngine->get('C:\\laragon\\www\\...', Array)
#26 C:\laragon\www\c\@core\vendor\laravel\framework\src\Illuminate\View\View.php(139): Facade\Ignition\Views\Engines\CompilerEngine->get('C:\\laragon\\www\\...', Array)
#27 C:\laragon\www\c\@core\vendor\laravel\framework\src\Illuminate\View\View.php(122): Illuminate\View\View->getContents()
#28 C:\laragon\www\c\@core\vendor\laravel\framework\src\Illuminate\View\View.php(91): Illuminate\View\View->renderContents()
#29 C:\laragon\www\c\@core\vendor\laravel\framework\src\Illuminate\Http\Response.php(69): Illuminate\View\View->render()
#30 C:\laragon\www\c\@core\vendor\laravel\framework\src\Illuminate\Http\Response.php(35): Illuminate\Http\Response->setContent(Object(Illuminate\View\View))
#31 C:\laragon\www\c\@core\vendor\laravel\framework\src\Illuminate\Routing\ResponseFactory.php(55): Illuminate\Http\Response->__construct(Object(Illuminate\View\View), 500, Array)
#32 C:\laragon\www\c\@core\vendor\laravel\framework\src\Illuminate\Routing\ResponseFactory.php(85): Illuminate\Routing\ResponseFactory->make(Object(Illuminate\View\View), 500, Array)
#33 C:\laragon\www\c\@core\vendor\laravel\framework\src\Illuminate\Foundation\Exceptions\Handler.php(585): Illuminate\Routing\ResponseFactory->view('errors::500', Array, 500, Array)
#34 C:\laragon\www\c\@core\vendor\laravel\framework\src\Illuminate\Foundation\Exceptions\Handler.php(490): Illuminate\Foundation\Exceptions\Handler->renderHttpException(Object(Symfony\Component\HttpKernel\Exception\HttpException))
#35 C:\laragon\www\c\@core\vendor\laravel\framework\src\Illuminate\Foundation\Exceptions\Handler.php(356): Illuminate\Foundation\Exceptions\Handler->prepareResponse(Object(Illuminate\Http\Request), Object(Symfony\Component\HttpKernel\Exception\HttpException))
#36 C:\laragon\www\c\@core\app\Exceptions\Handler.php(46): Illuminate\Foundation\Exceptions\Handler->render(Object(Illuminate\Http\Request), Object(Facade\Ignition\Exceptions\ViewException))
#37 C:\laragon\www\c\@core\vendor\laravel\framework\src\Illuminate\Foundation\Bootstrap\HandleExceptions.php(196): App\Exceptions\Handler->render(Object(Illuminate\Http\Request), Object(Facade\Ignition\Exceptions\ViewException))
#38 C:\laragon\www\c\@core\vendor\laravel\framework\src\Illuminate\Foundation\Bootstrap\HandleExceptions.php(173): Illuminate\Foundation\Bootstrap\HandleExceptions->renderHttpResponse(Object(Facade\Ignition\Exceptions\ViewException))
#39 [internal function]: Illuminate\Foundation\Bootstrap\HandleExceptions->handleException(Object(Facade\Ignition\Exceptions\ViewException))
#40 {main}

Next Illuminate\Database\QueryException: SQLSTATE[HY000] [1045] Access denied for user 'forge'@'localhost' (using password: NO) (SQL: select * from `languages` where `default` = 1 limit 1) in C:\laragon\www\c\@core\vendor\laravel\framework\src\Illuminate\Database\Connection.php:712
Stack trace:
#0 C:\laragon\www\c\@core\vendor\laravel\framework\src\Illuminate\Database\Connection.php(672): Illuminate\Database\Connection->runQueryCallback('select * from `...', Array, Object(Closure))
#1 C:\laragon\www\c\@core\vendor\laravel\framework\src\Illuminate\Database\Connection.php(376): Illuminate\Database\Connection->run('select * from `...', Array, Object(Closure))
#2 C:\laragon\www\c\@core\vendor\laravel\framework\src\Illuminate\Database\Query\Builder.php(2414): Illuminate\Database\Connection->select('select * from `...', Array, true)
#3 C:\laragon\www\c\@core\vendor\laravel\framework\src\Illuminate\Database\Query\Builder.php(2402): Illuminate\Database\Query\Builder->runSelect()
#4 C:\laragon\www\c\@core\vendor\laravel\framework\src\Illuminate\Database\Query\Builder.php(2936): Illuminate\Database\Query\Builder->Illuminate\Database\Query\{closure}()
#5 C:\laragon\www\c\@core\vendor\laravel\framework\src\Illuminate\Database\Query\Builder.php(2403): Illuminate\Database\Query\Builder->onceWithColumns(Array, Object(Closure))
#6 C:\laragon\www\c\@core\vendor\laravel\framework\src\Illuminate\Database\Eloquent\Builder.php(625): Illuminate\Database\Query\Builder->get(Array)
#7 C:\laragon\www\c\@core\vendor\laravel\framework\src\Illuminate\Database\Eloquent\Builder.php(609): Illuminate\Database\Eloquent\Builder->getModels(Array)
#8 C:\laragon\www\c\@core\vendor\laravel\framework\src\Illuminate\Database\Concerns\BuildsQueries.php(294): Illuminate\Database\Eloquent\Builder->get(Array)
#9 C:\laragon\www\c\@core\app\Helpers\helpers.php(342): Illuminate\Database\Eloquent\Builder->first()
#10 C:\laragon\www\c\@core\storage\framework\views\a3f0a4a1b92bb5b8074c99db1c24a294a14894aa.php(8): get_user_lang()
#11 C:\laragon\www\c\@core\vendor\laravel\framework\src\Illuminate\Filesystem\Filesystem.php(107): require('C:\\laragon\\www\\...')
#12 C:\laragon\www\c\@core\vendor\laravel\framework\src\Illuminate\Filesystem\Filesystem.php(108): Illuminate\Filesystem\Filesystem::Illuminate\Filesystem\{closure}()
#13 C:\laragon\www\c\@core\vendor\laravel\framework\src\Illuminate\View\Engines\PhpEngine.php(58): Illuminate\Filesystem\Filesystem->getRequire('C:\\laragon\\www\\...', Array)
#14 C:\laragon\www\c\@core\vendor\laravel\framework\src\Illuminate\View\Engines\CompilerEngine.php(61): Illuminate\View\Engines\PhpEngine->evaluatePath('C:\\laragon\\www\\...', Array)
#15 C:\laragon\www\c\@core\vendor\facade\ignition\src\Views\Engines\CompilerEngine.php(37): Illuminate\View\Engines\CompilerEngine->get('C:\\laragon\\www\\...', Array)
#16 C:\laragon\www\c\@core\vendor\laravel\framework\src\Illuminate\View\View.php(139): Facade\Ignition\Views\Engines\CompilerEngine->get('C:\\laragon\\www\\...', Array)
#17 C:\laragon\www\c\@core\vendor\laravel\framework\src\Illuminate\View\View.php(122): Illuminate\View\View->getContents()
#18 C:\laragon\www\c\@core\vendor\laravel\framework\src\Illuminate\View\View.php(91): Illuminate\View\View->renderContents()
#19 C:\laragon\www\c\@core\vendor\laravel\framework\src\Illuminate\Http\Response.php(69): Illuminate\View\View->render()
#20 C:\laragon\www\c\@core\vendor\laravel\framework\src\Illuminate\Http\Response.php(35): Illuminate\Http\Response->setContent(Object(Illuminate\View\View))
#21 C:\laragon\www\c\@core\vendor\laravel\framework\src\Illuminate\Routing\ResponseFactory.php(55): Illuminate\Http\Response->__construct(Object(Illuminate\View\View), 500, Array)
#22 C:\laragon\www\c\@core\vendor\laravel\framework\src\Illuminate\Routing\ResponseFactory.php(85): Illuminate\Routing\ResponseFactory->make(Object(Illuminate\View\View), 500, Array)
#23 C:\laragon\www\c\@core\vendor\laravel\framework\src\Illuminate\Foundation\Exceptions\Handler.php(585): Illuminate\Routing\ResponseFactory->view('errors::500', Array, 500, Array)
#24 C:\laragon\www\c\@core\vendor\laravel\framework\src\Illuminate\Foundation\Exceptions\Handler.php(490): Illuminate\Foundation\Exceptions\Handler->renderHttpException(Object(Symfony\Component\HttpKernel\Exception\HttpException))
#25 C:\laragon\www\c\@core\vendor\laravel\framework\src\Illuminate\Foundation\Exceptions\Handler.php(356): Illuminate\Foundation\Exceptions\Handler->prepareResponse(Object(Illuminate\Http\Request), Object(Symfony\Component\HttpKernel\Exception\HttpException))
#26 C:\laragon\www\c\@core\app\Exceptions\Handler.php(46): Illuminate\Foundation\Exceptions\Handler->render(Object(Illuminate\Http\Request), Object(Facade\Ignition\Exceptions\ViewException))
#27 C:\laragon\www\c\@core\vendor\laravel\framework\src\Illuminate\Foundation\Bootstrap\HandleExceptions.php(196): App\Exceptions\Handler->render(Object(Illuminate\Http\Request), Object(Facade\Ignition\Exceptions\ViewException))
#28 C:\laragon\www\c\@core\vendor\laravel\framework\src\Illuminate\Foundation\Bootstrap\HandleExceptions.php(173): Illuminate\Foundation\Bootstrap\HandleExceptions->renderHttpResponse(Object(Facade\Ignition\Exceptions\ViewException))
#29 [internal function]: Illuminate\Foundation\Bootstrap\HandleExceptions->handleException(Object(Facade\Ignition\Exceptions\ViewException))
#30 {main}

Next Facade\Ignition\Exceptions\ViewException: SQLSTATE[HY000] [1045] Access denied for user 'forge'@'localhost' (using password: NO) (SQL: select * from `languages` where `default` = 1 limit 1) (View: C:\laragon\www\c\@core\resources\views\errors\500.blade.php) in C:\laragon\www\c\@core\vendor\laravel\framework\src\Illuminate\Database\Connection.php:712
Stack trace:
#0 C:\laragon\www\c\@core\vendor\laravel\framework\src\Illuminate\Database\Connection.php(672): Illuminate\Database\Connection->runQueryCallback('select * from `...', Array, Object(Closure))
#1 C:\laragon\www\c\@core\vendor\laravel\framework\src\Illuminate\Database\Connection.php(376): Illuminate\Database\Connection->run('select * from `...', Array, Object(Closure))
#2 C:\laragon\www\c\@core\vendor\laravel\framework\src\Illuminate\Database\Query\Builder.php(2414): Illuminate\Database\Connection->select('select * from `...', Array, true)
#3 C:\laragon\www\c\@core\vendor\laravel\framework\src\Illuminate\Database\Query\Builder.php(2402): Illuminate\Database\Query\Builder->runSelect()
#4 C:\laragon\www\c\@core\vendor\laravel\framework\src\Illuminate\Database\Query\Builder.php(2936): Illuminate\Database\Query\Builder->Illuminate\Database\Query\{closure}()
#5 C:\laragon\www\c\@core\vendor\laravel\framework\src\Illuminate\Database\Query\Builder.php(2403): Illuminate\Database\Query\Builder->onceWithColumns(Array, Object(Closure))
#6 C:\laragon\www\c\@core\vendor\laravel\framework\src\Illuminate\Database\Eloquent\Builder.php(625): Illuminate\Database\Query\Builder->get(Array)
#7 C:\laragon\www\c\@core\vendor\laravel\framework\src\Illuminate\Database\Eloquent\Builder.php(609): Illuminate\Database\Eloquent\Builder->getModels(Array)
#8 C:\laragon\www\c\@core\vendor\laravel\framework\src\Illuminate\Database\Concerns\BuildsQueries.php(294): Illuminate\Database\Eloquent\Builder->get(Array)
#9 C:\laragon\www\c\@core\app\Helpers\helpers.php(342): Illuminate\Database\Eloquent\Builder->first()
#10 C:\laragon\www\c\@core\resources\views/errors/500.blade.php(9): get_user_lang()
#11 C:\laragon\www\c\@core\vendor\laravel\framework\src\Illuminate\Filesystem\Filesystem.php(107): require('C:\\laragon\\www\\...')
#12 C:\laragon\www\c\@core\vendor\laravel\framework\src\Illuminate\Filesystem\Filesystem.php(108): Illuminate\Filesystem\Filesystem::Illuminate\Filesystem\{closure}()
#13 C:\laragon\www\c\@core\vendor\laravel\framework\src\Illuminate\View\Engines\PhpEngine.php(58): Illuminate\Filesystem\Filesystem->getRequire('C:\\laragon\\www\\...', Array)
#14 C:\laragon\www\c\@core\vendor\laravel\framework\src\Illuminate\View\Engines\CompilerEngine.php(61): Illuminate\View\Engines\PhpEngine->evaluatePath('C:\\laragon\\www\\...', Array)
#15 C:\laragon\www\c\@core\vendor\facade\ignition\src\Views\Engines\CompilerEngine.php(37): Illuminate\View\Engines\CompilerEngine->get('C:\\laragon\\www\\...', Array)
#16 C:\laragon\www\c\@core\vendor\laravel\framework\src\Illuminate\View\View.php(139): Facade\Ignition\Views\Engines\CompilerEngine->get('C:\\laragon\\www\\...', Array)
#17 C:\laragon\www\c\@core\vendor\laravel\framework\src\Illuminate\View\View.php(122): Illuminate\View\View->getContents()
#18 C:\laragon\www\c\@core\vendor\laravel\framework\src\Illuminate\View\View.php(91): Illuminate\View\View->renderContents()
#19 C:\laragon\www\c\@core\vendor\laravel\framework\src\Illuminate\Http\Response.php(69): Illuminate\View\View->render()
#20 C:\laragon\www\c\@core\vendor\laravel\framework\src\Illuminate\Http\Response.php(35): Illuminate\Http\Response->setContent(Object(Illuminate\View\View))
#21 C:\laragon\www\c\@core\vendor\laravel\framework\src\Illuminate\Routing\ResponseFactory.php(55): Illuminate\Http\Response->__construct(Object(Illuminate\View\View), 500, Array)
#22 C:\laragon\www\c\@core\vendor\laravel\framework\src\Illuminate\Routing\ResponseFactory.php(85): Illuminate\Routing\ResponseFactory->make(Object(Illuminate\View\View), 500, Array)
#23 C:\laragon\www\c\@core\vendor\laravel\framework\src\Illuminate\Foundation\Exceptions\Handler.php(585): Illuminate\Routing\ResponseFactory->view('errors::500', Array, 500, Array)
#24 C:\laragon\www\c\@core\vendor\laravel\framework\src\Illuminate\Foundation\Exceptions\Handler.php(490): Illuminate\Foundation\Exceptions\Handler->renderHttpException(Object(Symfony\Component\HttpKernel\Exception\HttpException))
#25 C:\laragon\www\c\@core\vendor\laravel\framework\src\Illuminate\Foundation\Exceptions\Handler.php(356): Illuminate\Foundation\Exceptions\Handler->prepareResponse(Object(Illuminate\Http\Request), Object(Symfony\Component\HttpKernel\Exception\HttpException))
#26 C:\laragon\www\c\@core\app\Exceptions\Handler.php(46): Illuminate\Foundation\Exceptions\Handler->render(Object(Illuminate\Http\Request), Object(Facade\Ignition\Exceptions\ViewException))
#27 C:\laragon\www\c\@core\vendor\laravel\framework\src\Illuminate\Foundation\Bootstrap\HandleExceptions.php(196): App\Exceptions\Handler->render(Object(Illuminate\Http\Request), Object(Facade\Ignition\Exceptions\ViewException))
#28 C:\laragon\www\c\@core\vendor\laravel\framework\src\Illuminate\Foundation\Bootstrap\HandleExceptions.php(173): Illuminate\Foundation\Bootstrap\HandleExceptions->renderHttpResponse(Object(Facade\Ignition\Exceptions\ViewException))
#29 [internal function]: Illuminate\Foundation\Bootstrap\HandleExceptions->handleException(Object(Facade\Ignition\Exceptions\ViewException))
#30 {main}
  thrown {"exception":"[object] (Symfony\\Component\\ErrorHandler\\Error\\FatalError(code: 0): Uncaught PDOException: SQLSTATE[HY000] [1045] Access denied for user 'forge'@'localhost' (using password: NO) in C:\\laragon\\www\\c\\@core\\vendor\\laravel\\framework\\src\\Illuminate\\Database\\Connectors\\Connector.php:70
Stack trace:
#0 C:\\laragon\\www\\c\\@core\\vendor\\laravel\\framework\\src\\Illuminate\\Database\\Connectors\\Connector.php(70): PDO->__construct('mysql:host=127....', 'forge', '', Array)
#1 C:\\laragon\\www\\c\\@core\\vendor\\laravel\\framework\\src\\Illuminate\\Database\\Connectors\\Connector.php(46): Illuminate\\Database\\Connectors\\Connector->createPdoConnection('mysql:host=127....', 'forge', '', Array)
#2 C:\\laragon\\www\\c\\@core\\vendor\\laravel\\framework\\src\\Illuminate\\Database\\Connectors\\MySqlConnector.php(24): Illuminate\\Database\\Connectors\\Connector->createConnection('mysql:host=127....', Array, Array)
#3 C:\\laragon\\www\\c\\@core\\vendor\\laravel\\framework\\src\\Illuminate\\Database\\Connectors\\ConnectionFactory.php(184): Illuminate\\Database\\Connectors\\MySqlConnector->connect(Array)
#4 [internal function]: Illuminate\\Database\\Connectors\\ConnectionFactory->Illuminate\\Database\\Connectors\\{closure}()
#5 C:\\laragon\\www\\c\\@core\\vendor\\laravel\\framework\\src\\Illuminate\\Database\\Connection.php(1062): call_user_func(Object(Closure))
#6 C:\\laragon\\www\\c\\@core\\vendor\\laravel\\framework\\src\\Illuminate\\Database\\Connection.php(1098): Illuminate\\Database\\Connection->getPdo()
#7 C:\\laragon\\www\\c\\@core\\vendor\\laravel\\framework\\src\\Illuminate\\Database\\Connection.php(442): Illuminate\\Database\\Connection->getReadPdo()
#8 C:\\laragon\\www\\c\\@core\\vendor\\laravel\\framework\\src\\Illuminate\\Database\\Connection.php(368): Illuminate\\Database\\Connection->getPdoForSelect(true)
#9 C:\\laragon\\www\\c\\@core\\vendor\\laravel\\framework\\src\\Illuminate\\Database\\Connection.php(705): Illuminate\\Database\\Connection->Illuminate\\Database\\{closure}('select * from `...', Array)
#10 C:\\laragon\\www\\c\\@core\\vendor\\laravel\\framework\\src\\Illuminate\\Database\\Connection.php(672): Illuminate\\Database\\Connection->runQueryCallback('select * from `...', Array, Object(Closure))
#11 C:\\laragon\\www\\c\\@core\\vendor\\laravel\\framework\\src\\Illuminate\\Database\\Connection.php(376): Illuminate\\Database\\Connection->run('select * from `...', Array, Object(Closure))
#12 C:\\laragon\\www\\c\\@core\\vendor\\laravel\\framework\\src\\Illuminate\\Database\\Query\\Builder.php(2414): Illuminate\\Database\\Connection->select('select * from `...', Array, true)
#13 C:\\laragon\\www\\c\\@core\\vendor\\laravel\\framework\\src\\Illuminate\\Database\\Query\\Builder.php(2402): Illuminate\\Database\\Query\\Builder->runSelect()
#14 C:\\laragon\\www\\c\\@core\\vendor\\laravel\\framework\\src\\Illuminate\\Database\\Query\\Builder.php(2936): Illuminate\\Database\\Query\\Builder->Illuminate\\Database\\Query\\{closure}()
#15 C:\\laragon\\www\\c\\@core\\vendor\\laravel\\framework\\src\\Illuminate\\Database\\Query\\Builder.php(2403): Illuminate\\Database\\Query\\Builder->onceWithColumns(Array, Object(Closure))
#16 C:\\laragon\\www\\c\\@core\\vendor\\laravel\\framework\\src\\Illuminate\\Database\\Eloquent\\Builder.php(625): Illuminate\\Database\\Query\\Builder->get(Array)
#17 C:\\laragon\\www\\c\\@core\\vendor\\laravel\\framework\\src\\Illuminate\\Database\\Eloquent\\Builder.php(609): Illuminate\\Database\\Eloquent\\Builder->getModels(Array)
#18 C:\\laragon\\www\\c\\@core\\vendor\\laravel\\framework\\src\\Illuminate\\Database\\Concerns\\BuildsQueries.php(294): Illuminate\\Database\\Eloquent\\Builder->get(Array)
#19 C:\\laragon\\www\\c\\@core\\app\\Helpers\\helpers.php(342): Illuminate\\Database\\Eloquent\\Builder->first()
#20 C:\\laragon\\www\\c\\@core\\storage\\framework\\views\\a3f0a4a1b92bb5b8074c99db1c24a294a14894aa.php(8): get_user_lang()
#21 C:\\laragon\\www\\c\\@core\\vendor\\laravel\\framework\\src\\Illuminate\\Filesystem\\Filesystem.php(107): require('C:\\\\laragon\\\\www\\\\...')
#22 C:\\laragon\\www\\c\\@core\\vendor\\laravel\\framework\\src\\Illuminate\\Filesystem\\Filesystem.php(108): Illuminate\\Filesystem\\Filesystem::Illuminate\\Filesystem\\{closure}()
#23 C:\\laragon\\www\\c\\@core\\vendor\\laravel\\framework\\src\\Illuminate\\View\\Engines\\PhpEngine.php(58): Illuminate\\Filesystem\\Filesystem->getRequire('C:\\\\laragon\\\\www\\\\...', Array)
#24 C:\\laragon\\www\\c\\@core\\vendor\\laravel\\framework\\src\\Illuminate\\View\\Engines\\CompilerEngine.php(61): Illuminate\\View\\Engines\\PhpEngine->evaluatePath('C:\\\\laragon\\\\www\\\\...', Array)
#25 C:\\laragon\\www\\c\\@core\\vendor\\facade\\ignition\\src\\Views\\Engines\\CompilerEngine.php(37): Illuminate\\View\\Engines\\CompilerEngine->get('C:\\\\laragon\\\\www\\\\...', Array)
#26 C:\\laragon\\www\\c\\@core\\vendor\\laravel\\framework\\src\\Illuminate\\View\\View.php(139): Facade\\Ignition\\Views\\Engines\\CompilerEngine->get('C:\\\\laragon\\\\www\\\\...', Array)
#27 C:\\laragon\\www\\c\\@core\\vendor\\laravel\\framework\\src\\Illuminate\\View\\View.php(122): Illuminate\\View\\View->getContents()
#28 C:\\laragon\\www\\c\\@core\\vendor\\laravel\\framework\\src\\Illuminate\\View\\View.php(91): Illuminate\\View\\View->renderContents()
#29 C:\\laragon\\www\\c\\@core\\vendor\\laravel\\framework\\src\\Illuminate\\Http\\Response.php(69): Illuminate\\View\\View->render()
#30 C:\\laragon\\www\\c\\@core\\vendor\\laravel\\framework\\src\\Illuminate\\Http\\Response.php(35): Illuminate\\Http\\Response->setContent(Object(Illuminate\\View\\View))
#31 C:\\laragon\\www\\c\\@core\\vendor\\laravel\\framework\\src\\Illuminate\\Routing\\ResponseFactory.php(55): Illuminate\\Http\\Response->__construct(Object(Illuminate\\View\\View), 500, Array)
#32 C:\\laragon\\www\\c\\@core\\vendor\\laravel\\framework\\src\\Illuminate\\Routing\\ResponseFactory.php(85): Illuminate\\Routing\\ResponseFactory->make(Object(Illuminate\\View\\View), 500, Array)
#33 C:\\laragon\\www\\c\\@core\\vendor\\laravel\\framework\\src\\Illuminate\\Foundation\\Exceptions\\Handler.php(585): Illuminate\\Routing\\ResponseFactory->view('errors::500', Array, 500, Array)
#34 C:\\laragon\\www\\c\\@core\\vendor\\laravel\\framework\\src\\Illuminate\\Foundation\\Exceptions\\Handler.php(490): Illuminate\\Foundation\\Exceptions\\Handler->renderHttpException(Object(Symfony\\Component\\HttpKernel\\Exception\\HttpException))
#35 C:\\laragon\\www\\c\\@core\\vendor\\laravel\\framework\\src\\Illuminate\\Foundation\\Exceptions\\Handler.php(356): Illuminate\\Foundation\\Exceptions\\Handler->prepareResponse(Object(Illuminate\\Http\\Request), Object(Symfony\\Component\\HttpKernel\\Exception\\HttpException))
#36 C:\\laragon\\www\\c\\@core\\app\\Exceptions\\Handler.php(46): Illuminate\\Foundation\\Exceptions\\Handler->render(Object(Illuminate\\Http\\Request), Object(Facade\\Ignition\\Exceptions\\ViewException))
#37 C:\\laragon\\www\\c\\@core\\vendor\\laravel\\framework\\src\\Illuminate\\Foundation\\Bootstrap\\HandleExceptions.php(196): App\\Exceptions\\Handler->render(Object(Illuminate\\Http\\Request), Object(Facade\\Ignition\\Exceptions\\ViewException))
#38 C:\\laragon\\www\\c\\@core\\vendor\\laravel\\framework\\src\\Illuminate\\Foundation\\Bootstrap\\HandleExceptions.php(173): Illuminate\\Foundation\\Bootstrap\\HandleExceptions->renderHttpResponse(Object(Facade\\Ignition\\Exceptions\\ViewException))
#39 [internal function]: Illuminate\\Foundation\\Bootstrap\\HandleExceptions->handleException(Object(Facade\\Ignition\\Exceptions\\ViewException))
#40 {main}

Next Illuminate\\Database\\QueryException: SQLSTATE[HY000] [1045] Access denied for user 'forge'@'localhost' (using password: NO) (SQL: select * from `languages` where `default` = 1 limit 1) in C:\\laragon\\www\\c\\@core\\vendor\\laravel\\framework\\src\\Illuminate\\Database\\Connection.php:712
Stack trace:
#0 C:\\laragon\\www\\c\\@core\\vendor\\laravel\\framework\\src\\Illuminate\\Database\\Connection.php(672): Illuminate\\Database\\Connection->runQueryCallback('select * from `...', Array, Object(Closure))
#1 C:\\laragon\\www\\c\\@core\\vendor\\laravel\\framework\\src\\Illuminate\\Database\\Connection.php(376): Illuminate\\Database\\Connection->run('select * from `...', Array, Object(Closure))
#2 C:\\laragon\\www\\c\\@core\\vendor\\laravel\\framework\\src\\Illuminate\\Database\\Query\\Builder.php(2414): Illuminate\\Database\\Connection->select('select * from `...', Array, true)
#3 C:\\laragon\\www\\c\\@core\\vendor\\laravel\\framework\\src\\Illuminate\\Database\\Query\\Builder.php(2402): Illuminate\\Database\\Query\\Builder->runSelect()
#4 C:\\laragon\\www\\c\\@core\\vendor\\laravel\\framework\\src\\Illuminate\\Database\\Query\\Builder.php(2936): Illuminate\\Database\\Query\\Builder->Illuminate\\Database\\Query\\{closure}()
#5 C:\\laragon\\www\\c\\@core\\vendor\\laravel\\framework\\src\\Illuminate\\Database\\Query\\Builder.php(2403): Illuminate\\Database\\Query\\Builder->onceWithColumns(Array, Object(Closure))
#6 C:\\laragon\\www\\c\\@core\\vendor\\laravel\\framework\\src\\Illuminate\\Database\\Eloquent\\Builder.php(625): Illuminate\\Database\\Query\\Builder->get(Array)
#7 C:\\laragon\\www\\c\\@core\\vendor\\laravel\\framework\\src\\Illuminate\\Database\\Eloquent\\Builder.php(609): Illuminate\\Database\\Eloquent\\Builder->getModels(Array)
#8 C:\\laragon\\www\\c\\@core\\vendor\\laravel\\framework\\src\\Illuminate\\Database\\Concerns\\BuildsQueries.php(294): Illuminate\\Database\\Eloquent\\Builder->get(Array)
#9 C:\\laragon\\www\\c\\@core\\app\\Helpers\\helpers.php(342): Illuminate\\Database\\Eloquent\\Builder->first()
#10 C:\\laragon\\www\\c\\@core\\storage\\framework\\views\\a3f0a4a1b92bb5b8074c99db1c24a294a14894aa.php(8): get_user_lang()
#11 C:\\laragon\\www\\c\\@core\\vendor\\laravel\\framework\\src\\Illuminate\\Filesystem\\Filesystem.php(107): require('C:\\\\laragon\\\\www\\\\...')
#12 C:\\laragon\\www\\c\\@core\\vendor\\laravel\\framework\\src\\Illuminate\\Filesystem\\Filesystem.php(108): Illuminate\\Filesystem\\Filesystem::Illuminate\\Filesystem\\{closure}()
#13 C:\\laragon\\www\\c\\@core\\vendor\\laravel\\framework\\src\\Illuminate\\View\\Engines\\PhpEngine.php(58): Illuminate\\Filesystem\\Filesystem->getRequire('C:\\\\laragon\\\\www\\\\...', Array)
#14 C:\\laragon\\www\\c\\@core\\vendor\\laravel\\framework\\src\\Illuminate\\View\\Engines\\CompilerEngine.php(61): Illuminate\\View\\Engines\\PhpEngine->evaluatePath('C:\\\\laragon\\\\www\\\\...', Array)
#15 C:\\laragon\\www\\c\\@core\\vendor\\facade\\ignition\\src\\Views\\Engines\\CompilerEngine.php(37): Illuminate\\View\\Engines\\CompilerEngine->get('C:\\\\laragon\\\\www\\\\...', Array)
#16 C:\\laragon\\www\\c\\@core\\vendor\\laravel\\framework\\src\\Illuminate\\View\\View.php(139): Facade\\Ignition\\Views\\Engines\\CompilerEngine->get('C:\\\\laragon\\\\www\\\\...', Array)
#17 C:\\laragon\\www\\c\\@core\\vendor\\laravel\\framework\\src\\Illuminate\\View\\View.php(122): Illuminate\\View\\View->getContents()
#18 C:\\laragon\\www\\c\\@core\\vendor\\laravel\\framework\\src\\Illuminate\\View\\View.php(91): Illuminate\\View\\View->renderContents()
#19 C:\\laragon\\www\\c\\@core\\vendor\\laravel\\framework\\src\\Illuminate\\Http\\Response.php(69): Illuminate\\View\\View->render()
#20 C:\\laragon\\www\\c\\@core\\vendor\\laravel\\framework\\src\\Illuminate\\Http\\Response.php(35): Illuminate\\Http\\Response->setContent(Object(Illuminate\\View\\View))
#21 C:\\laragon\\www\\c\\@core\\vendor\\laravel\\framework\\src\\Illuminate\\Routing\\ResponseFactory.php(55): Illuminate\\Http\\Response->__construct(Object(Illuminate\\View\\View), 500, Array)
#22 C:\\laragon\\www\\c\\@core\\vendor\\laravel\\framework\\src\\Illuminate\\Routing\\ResponseFactory.php(85): Illuminate\\Routing\\ResponseFactory->make(Object(Illuminate\\View\\View), 500, Array)
#23 C:\\laragon\\www\\c\\@core\\vendor\\laravel\\framework\\src\\Illuminate\\Foundation\\Exceptions\\Handler.php(585): Illuminate\\Routing\\ResponseFactory->view('errors::500', Array, 500, Array)
#24 C:\\laragon\\www\\c\\@core\\vendor\\laravel\\framework\\src\\Illuminate\\Foundation\\Exceptions\\Handler.php(490): Illuminate\\Foundation\\Exceptions\\Handler->renderHttpException(Object(Symfony\\Component\\HttpKernel\\Exception\\HttpException))
#25 C:\\laragon\\www\\c\\@core\\vendor\\laravel\\framework\\src\\Illuminate\\Foundation\\Exceptions\\Handler.php(356): Illuminate\\Foundation\\Exceptions\\Handler->prepareResponse(Object(Illuminate\\Http\\Request), Object(Symfony\\Component\\HttpKernel\\Exception\\HttpException))
#26 C:\\laragon\\www\\c\\@core\\app\\Exceptions\\Handler.php(46): Illuminate\\Foundation\\Exceptions\\Handler->render(Object(Illuminate\\Http\\Request), Object(Facade\\Ignition\\Exceptions\\ViewException))
#27 C:\\laragon\\www\\c\\@core\\vendor\\laravel\\framework\\src\\Illuminate\\Foundation\\Bootstrap\\HandleExceptions.php(196): App\\Exceptions\\Handler->render(Object(Illuminate\\Http\\Request), Object(Facade\\Ignition\\Exceptions\\ViewException))
#28 C:\\laragon\\www\\c\\@core\\vendor\\laravel\\framework\\src\\Illuminate\\Foundation\\Bootstrap\\HandleExceptions.php(173): Illuminate\\Foundation\\Bootstrap\\HandleExceptions->renderHttpResponse(Object(Facade\\Ignition\\Exceptions\\ViewException))
#29 [internal function]: Illuminate\\Foundation\\Bootstrap\\HandleExceptions->handleException(Object(Facade\\Ignition\\Exceptions\\ViewException))
#30 {main}

Next Facade\\Ignition\\Exceptions\\ViewException: SQLSTATE[HY000] [1045] Access denied for user 'forge'@'localhost' (using password: NO) (SQL: select * from `languages` where `default` = 1 limit 1) (View: C:\\laragon\\www\\c\\@core\esources\\views\\errors\\500.blade.php) in C:\\laragon\\www\\c\\@core\\vendor\\laravel\\framework\\src\\Illuminate\\Database\\Connection.php:712
Stack trace:
#0 C:\\laragon\\www\\c\\@core\\vendor\\laravel\\framework\\src\\Illuminate\\Database\\Connection.php(672): Illuminate\\Database\\Connection->runQueryCallback('select * from `...', Array, Object(Closure))
#1 C:\\laragon\\www\\c\\@core\\vendor\\laravel\\framework\\src\\Illuminate\\Database\\Connection.php(376): Illuminate\\Database\\Connection->run('select * from `...', Array, Object(Closure))
#2 C:\\laragon\\www\\c\\@core\\vendor\\laravel\\framework\\src\\Illuminate\\Database\\Query\\Builder.php(2414): Illuminate\\Database\\Connection->select('select * from `...', Array, true)
#3 C:\\laragon\\www\\c\\@core\\vendor\\laravel\\framework\\src\\Illuminate\\Database\\Query\\Builder.php(2402): Illuminate\\Database\\Query\\Builder->runSelect()
#4 C:\\laragon\\www\\c\\@core\\vendor\\laravel\\framework\\src\\Illuminate\\Database\\Query\\Builder.php(2936): Illuminate\\Database\\Query\\Builder->Illuminate\\Database\\Query\\{closure}()
#5 C:\\laragon\\www\\c\\@core\\vendor\\laravel\\framework\\src\\Illuminate\\Database\\Query\\Builder.php(2403): Illuminate\\Database\\Query\\Builder->onceWithColumns(Array, Object(Closure))
#6 C:\\laragon\\www\\c\\@core\\vendor\\laravel\\framework\\src\\Illuminate\\Database\\Eloquent\\Builder.php(625): Illuminate\\Database\\Query\\Builder->get(Array)
#7 C:\\laragon\\www\\c\\@core\\vendor\\laravel\\framework\\src\\Illuminate\\Database\\Eloquent\\Builder.php(609): Illuminate\\Database\\Eloquent\\Builder->getModels(Array)
#8 C:\\laragon\\www\\c\\@core\\vendor\\laravel\\framework\\src\\Illuminate\\Database\\Concerns\\BuildsQueries.php(294): Illuminate\\Database\\Eloquent\\Builder->get(Array)
#9 C:\\laragon\\www\\c\\@core\\app\\Helpers\\helpers.php(342): Illuminate\\Database\\Eloquent\\Builder->first()
#10 C:\\laragon\\www\\c\\@core\esources\\views/errors/500.blade.php(9): get_user_lang()
#11 C:\\laragon\\www\\c\\@core\\vendor\\laravel\\framework\\src\\Illuminate\\Filesystem\\Filesystem.php(107): require('C:\\\\laragon\\\\www\\\\...')
#12 C:\\laragon\\www\\c\\@core\\vendor\\laravel\\framework\\src\\Illuminate\\Filesystem\\Filesystem.php(108): Illuminate\\Filesystem\\Filesystem::Illuminate\\Filesystem\\{closure}()
#13 C:\\laragon\\www\\c\\@core\\vendor\\laravel\\framework\\src\\Illuminate\\View\\Engines\\PhpEngine.php(58): Illuminate\\Filesystem\\Filesystem->getRequire('C:\\\\laragon\\\\www\\\\...', Array)
#14 C:\\laragon\\www\\c\\@core\\vendor\\laravel\\framework\\src\\Illuminate\\View\\Engines\\CompilerEngine.php(61): Illuminate\\View\\Engines\\PhpEngine->evaluatePath('C:\\\\laragon\\\\www\\\\...', Array)
#15 C:\\laragon\\www\\c\\@core\\vendor\\facade\\ignition\\src\\Views\\Engines\\CompilerEngine.php(37): Illuminate\\View\\Engines\\CompilerEngine->get('C:\\\\laragon\\\\www\\\\...', Array)
#16 C:\\laragon\\www\\c\\@core\\vendor\\laravel\\framework\\src\\Illuminate\\View\\View.php(139): Facade\\Ignition\\Views\\Engines\\CompilerEngine->get('C:\\\\laragon\\\\www\\\\...', Array)
#17 C:\\laragon\\www\\c\\@core\\vendor\\laravel\\framework\\src\\Illuminate\\View\\View.php(122): Illuminate\\View\\View->getContents()
#18 C:\\laragon\\www\\c\\@core\\vendor\\laravel\\framework\\src\\Illuminate\\View\\View.php(91): Illuminate\\View\\View->renderContents()
#19 C:\\laragon\\www\\c\\@core\\vendor\\laravel\\framework\\src\\Illuminate\\Http\\Response.php(69): Illuminate\\View\\View->render()
#20 C:\\laragon\\www\\c\\@core\\vendor\\laravel\\framework\\src\\Illuminate\\Http\\Response.php(35): Illuminate\\Http\\Response->setContent(Object(Illuminate\\View\\View))
#21 C:\\laragon\\www\\c\\@core\\vendor\\laravel\\framework\\src\\Illuminate\\Routing\\ResponseFactory.php(55): Illuminate\\Http\\Response->__construct(Object(Illuminate\\View\\View), 500, Array)
#22 C:\\laragon\\www\\c\\@core\\vendor\\laravel\\framework\\src\\Illuminate\\Routing\\ResponseFactory.php(85): Illuminate\\Routing\\ResponseFactory->make(Object(Illuminate\\View\\View), 500, Array)
#23 C:\\laragon\\www\\c\\@core\\vendor\\laravel\\framework\\src\\Illuminate\\Foundation\\Exceptions\\Handler.php(585): Illuminate\\Routing\\ResponseFactory->view('errors::500', Array, 500, Array)
#24 C:\\laragon\\www\\c\\@core\\vendor\\laravel\\framework\\src\\Illuminate\\Foundation\\Exceptions\\Handler.php(490): Illuminate\\Foundation\\Exceptions\\Handler->renderHttpException(Object(Symfony\\Component\\HttpKernel\\Exception\\HttpException))
#25 C:\\laragon\\www\\c\\@core\\vendor\\laravel\\framework\\src\\Illuminate\\Foundation\\Exceptions\\Handler.php(356): Illuminate\\Foundation\\Exceptions\\Handler->prepareResponse(Object(Illuminate\\Http\\Request), Object(Symfony\\Component\\HttpKernel\\Exception\\HttpException))
#26 C:\\laragon\\www\\c\\@core\\app\\Exceptions\\Handler.php(46): Illuminate\\Foundation\\Exceptions\\Handler->render(Object(Illuminate\\Http\\Request), Object(Facade\\Ignition\\Exceptions\\ViewException))
#27 C:\\laragon\\www\\c\\@core\\vendor\\laravel\\framework\\src\\Illuminate\\Foundation\\Bootstrap\\HandleExceptions.php(196): App\\Exceptions\\Handler->render(Object(Illuminate\\Http\\Request), Object(Facade\\Ignition\\Exceptions\\ViewException))
#28 C:\\laragon\\www\\c\\@core\\vendor\\laravel\\framework\\src\\Illuminate\\Foundation\\Bootstrap\\HandleExceptions.php(173): Illuminate\\Foundation\\Bootstrap\\HandleExceptions->renderHttpResponse(Object(Facade\\Ignition\\Exceptions\\ViewException))
#29 [internal function]: Illuminate\\Foundation\\Bootstrap\\HandleExceptions->handleException(Object(Facade\\Ignition\\Exceptions\\ViewException))
#30 {main}
  thrown at C:\\laragon\\www\\c\\@core\\vendor\\laravel\\framework\\src\\Illuminate\\Database\\Connection.php:712)
[stacktrace]
#0 {main}
"} 
