[2022-09-08 11:22:43] local.ERROR: Undefined constant "contact_page_slug" {"exception":"[object] (Error(code: 0): Undefined constant \"contact_page_slug\" at /home/xgenxchi/public_html/laravel/zixer/@core/routes/web.php:42)
[stacktrace]
#0 /home/xgenxchi/public_html/laravel/zixer/@core/vendor/laravel/framework/src/Illuminate/Routing/Router.php(423): Illuminate\\Routing\\RouteFileRegistrar->{closure}(Object(Illuminate\\Routing\\Router))
#1 /home/xgenxchi/public_html/laravel/zixer/@core/vendor/laravel/framework/src/Illuminate/Routing/Router.php(382): Illuminate\\Routing\\Router->loadRoutes(Object(Closure))
#2 /home/xgenxchi/public_html/laravel/zixer/@core/vendor/laravel/framework/src/Illuminate/Support/Facades/Facade.php(261): Illuminate\\Routing\\Router->group(Array, Object(Closure))
#3 /home/xgenxchi/public_html/laravel/zixer/@core/routes/web.php(116): Illuminate\\Support\\Facades\\Facade::__callStatic('group', Array)
#4 /home/xgenxchi/public_html/laravel/zixer/@core/vendor/laravel/framework/src/Illuminate/Routing/RouteFileRegistrar.php(35): require('/home/xgenxchi/...')
#5 /home/xgenxchi/public_html/laravel/zixer/@core/vendor/laravel/framework/src/Illuminate/Routing/Router.php(425): Illuminate\\Routing\\RouteFileRegistrar->register('/home/xgenxchi/...')
#6 /home/xgenxchi/public_html/laravel/zixer/@core/vendor/laravel/framework/src/Illuminate/Routing/Router.php(382): Illuminate\\Routing\\Router->loadRoutes('/home/xgenxchi/...')
#7 /home/xgenxchi/public_html/laravel/zixer/@core/vendor/laravel/framework/src/Illuminate/Routing/RouteRegistrar.php(163): Illuminate\\Routing\\Router->group(Array, '/home/xgenxchi/...')
#8 /home/xgenxchi/public_html/laravel/zixer/@core/app/Providers/RouteServiceProvider.php(56): Illuminate\\Routing\\RouteRegistrar->group('/home/xgenxchi/...')
#9 /home/xgenxchi/public_html/laravel/zixer/@core/app/Providers/RouteServiceProvider.php(40): App\\Providers\\RouteServiceProvider->mapWebRoutes()
#10 /home/xgenxchi/public_html/laravel/zixer/@core/vendor/laravel/framework/src/Illuminate/Container/BoundMethod.php(36): App\\Providers\\RouteServiceProvider->map()
#11 /home/xgenxchi/public_html/laravel/zixer/@core/vendor/laravel/framework/src/Illuminate/Container/Util.php(40): Illuminate\\Container\\BoundMethod::Illuminate\\Container\\{closure}()
#12 /home/xgenxchi/public_html/laravel/zixer/@core/vendor/laravel/framework/src/Illuminate/Container/BoundMethod.php(93): Illuminate\\Container\\Util::unwrapIfClosure(Object(Closure))
#13 /home/xgenxchi/public_html/laravel/zixer/@core/vendor/laravel/framework/src/Illuminate/Container/BoundMethod.php(37): Illuminate\\Container\\BoundMethod::callBoundMethod(Object(Illuminate\\Foundation\\Application), Array, Object(Closure))
#14 /home/xgenxchi/public_html/laravel/zixer/@core/vendor/laravel/framework/src/Illuminate/Container/Container.php(653): Illuminate\\Container\\BoundMethod::call(Object(Illuminate\\Foundation\\Application), Array, Array, NULL)
#15 /home/xgenxchi/public_html/laravel/zixer/@core/vendor/laravel/framework/src/Illuminate/Foundation/Support/Providers/RouteServiceProvider.php(122): Illuminate\\Container\\Container->call(Array)
#16 /home/xgenxchi/public_html/laravel/zixer/@core/vendor/laravel/framework/src/Illuminate/Foundation/Support/Providers/RouteServiceProvider.php(45): Illuminate\\Foundation\\Support\\Providers\\RouteServiceProvider->loadRoutes()
#17 /home/xgenxchi/public_html/laravel/zixer/@core/vendor/laravel/framework/src/Illuminate/Container/BoundMethod.php(36): Illuminate\\Foundation\\Support\\Providers\\RouteServiceProvider->Illuminate\\Foundation\\Support\\Providers\\{closure}()
#18 /home/xgenxchi/public_html/laravel/zixer/@core/vendor/laravel/framework/src/Illuminate/Container/Util.php(40): Illuminate\\Container\\BoundMethod::Illuminate\\Container\\{closure}()
#19 /home/xgenxchi/public_html/laravel/zixer/@core/vendor/laravel/framework/src/Illuminate/Container/BoundMethod.php(81): Illuminate\\Container\\Util::unwrapIfClosure(Object(Closure))
#20 /home/xgenxchi/public_html/laravel/zixer/@core/vendor/laravel/framework/src/Illuminate/Container/BoundMethod.php(37): Illuminate\\Container\\BoundMethod::callBoundMethod(Object(Illuminate\\Foundation\\Application), Object(Closure), Object(Closure))
#21 /home/xgenxchi/public_html/laravel/zixer/@core/vendor/laravel/framework/src/Illuminate/Container/Container.php(653): Illuminate\\Container\\BoundMethod::call(Object(Illuminate\\Foundation\\Application), Object(Closure), Array, NULL)
#22 /home/xgenxchi/public_html/laravel/zixer/@core/vendor/laravel/framework/src/Illuminate/Support/ServiceProvider.php(119): Illuminate\\Container\\Container->call(Object(Closure))
#23 /home/xgenxchi/public_html/laravel/zixer/@core/vendor/laravel/framework/src/Illuminate/Foundation/Application.php(927): Illuminate\\Support\\ServiceProvider->callBootedCallbacks()
#24 /home/xgenxchi/public_html/laravel/zixer/@core/vendor/laravel/framework/src/Illuminate/Foundation/Application.php(905): Illuminate\\Foundation\\Application->bootProvider(Object(App\\Providers\\RouteServiceProvider))
#25 [internal function]: Illuminate\\Foundation\\Application->Illuminate\\Foundation\\{closure}(Object(App\\Providers\\RouteServiceProvider), 36)
#26 /home/xgenxchi/public_html/laravel/zixer/@core/vendor/laravel/framework/src/Illuminate/Foundation/Application.php(906): array_walk(Array, Object(Closure))
#27 /home/xgenxchi/public_html/laravel/zixer/@core/vendor/laravel/framework/src/Illuminate/Foundation/Bootstrap/BootProviders.php(17): Illuminate\\Foundation\\Application->boot()
#28 /home/xgenxchi/public_html/laravel/zixer/@core/vendor/laravel/framework/src/Illuminate/Foundation/Application.php(237): Illuminate\\Foundation\\Bootstrap\\BootProviders->bootstrap(Object(Illuminate\\Foundation\\Application))
#29 /home/xgenxchi/public_html/laravel/zixer/@core/vendor/laravel/framework/src/Illuminate/Foundation/Http/Kernel.php(153): Illuminate\\Foundation\\Application->bootstrapWith(Array)
#30 /home/xgenxchi/public_html/laravel/zixer/@core/vendor/laravel/framework/src/Illuminate/Foundation/Http/Kernel.php(137): Illuminate\\Foundation\\Http\\Kernel->bootstrap()
#31 /home/xgenxchi/public_html/laravel/zixer/@core/vendor/laravel/framework/src/Illuminate/Foundation/Http/Kernel.php(111): Illuminate\\Foundation\\Http\\Kernel->sendRequestThroughRouter(Object(Illuminate\\Http\\Request))
#32 /home/xgenxchi/public_html/laravel/zixer/index.php(55): Illuminate\\Foundation\\Http\\Kernel->handle(Object(Illuminate\\Http\\Request))
#33 {main}
"} 
